{"/home/travis/build/npmtest/node-npmtest-stomp-client/test.js":{"path":"/home/travis/build/npmtest/node-npmtest-stomp-client/test.js","s":{"1":2,"2":2,"3":2,"4":2,"5":2,"6":2,"7":2,"8":1,"9":2,"10":2,"11":1,"12":1,"13":1,"14":1,"15":2,"16":2,"17":2,"18":2,"19":1,"20":1,"21":2,"22":2,"23":2,"24":1,"25":1,"26":1,"27":1,"28":1,"29":1,"30":1,"31":1,"32":1,"33":1,"34":1,"35":1,"36":1,"37":1,"38":1,"39":2,"40":2,"41":1,"42":2,"43":2,"44":1,"45":2,"46":2,"47":1,"48":2,"49":2,"50":1,"51":1,"52":1,"53":1,"54":1},"b":{"1":[2,1,1,1],"2":[1,1,1,1],"3":[1,1],"4":[1,1],"5":[1,1],"6":[1,1],"7":[1,1],"8":[1,1],"9":[1,1],"10":[1,1,1],"11":[1,1],"12":[1,1],"13":[1,1],"14":[1,1],"15":[1,1],"16":[1,1],"17":[1,1]},"f":{"1":2,"2":2,"3":2,"4":2,"5":2,"6":1,"7":1,"8":1,"9":2,"10":2,"11":2,"12":2,"13":1},"fnMap":{"1":{"name":"(anonymous_1)","line":12,"loc":{"start":{"line":12,"column":1},"end":{"line":12,"column":13}}},"2":{"name":"(anonymous_2)","line":19,"loc":{"start":{"line":19,"column":5},"end":{"line":19,"column":17}}},"3":{"name":"(anonymous_3)","line":23,"loc":{"start":{"line":23,"column":24},"end":{"line":23,"column":36}}},"4":{"name":"(anonymous_4)","line":61,"loc":{"start":{"line":61,"column":5},"end":{"line":61,"column":17}}},"5":{"name":"(anonymous_5)","line":82,"loc":{"start":{"line":82,"column":5},"end":{"line":82,"column":17}}},"6":{"name":"(anonymous_6)","line":91,"loc":{"start":{"line":91,"column":77},"end":{"line":94,"column":10}}},"7":{"name":"(anonymous_7)","line":112,"loc":{"start":{"line":112,"column":83},"end":{"line":115,"column":10}},"skip":true},"8":{"name":"(anonymous_8)","line":123,"loc":{"start":{"line":123,"column":77},"end":{"line":126,"column":10}},"skip":true},"9":{"name":"(anonymous_9)","line":139,"loc":{"start":{"line":139,"column":12},"end":{"line":139,"column":40}},"skip":true},"10":{"name":"(anonymous_10)","line":147,"loc":{"start":{"line":147,"column":77},"end":{"line":150,"column":10}},"skip":true},"11":{"name":"(anonymous_11)","line":158,"loc":{"start":{"line":158,"column":83},"end":{"line":161,"column":10}},"skip":true},"12":{"name":"(anonymous_12)","line":169,"loc":{"start":{"line":169,"column":79},"end":{"line":172,"column":10}},"skip":true},"13":{"name":"(anonymous_13)","line":180,"loc":{"start":{"line":180,"column":75},"end":{"line":183,"column":10}},"skip":true}},"statementMap":{"1":{"start":{"line":12,"column":0},"end":{"line":195,"column":5}},"2":{"start":{"line":14,"column":4},"end":{"line":14,"column":14}},"3":{"start":{"line":19,"column":4},"end":{"line":56,"column":9}},"4":{"start":{"line":21,"column":8},"end":{"line":21,"column":19}},"5":{"start":{"line":23,"column":8},"end":{"line":35,"column":13}},"6":{"start":{"line":24,"column":12},"end":{"line":34,"column":13}},"7":{"start":{"line":25,"column":16},"end":{"line":28,"column":30}},"8":{"start":{"line":30,"column":16},"end":{"line":33,"column":27}},"9":{"start":{"line":37,"column":8},"end":{"line":39,"column":21}},"10":{"start":{"line":40,"column":8},"end":{"line":53,"column":9}},"11":{"start":{"line":43,"column":12},"end":{"line":46,"column":14}},"12":{"start":{"line":47,"column":12},"end":{"line":47,"column":18}},"13":{"start":{"line":50,"column":12},"end":{"line":51,"column":46}},"14":{"start":{"line":52,"column":12},"end":{"line":52,"column":18}},"15":{"start":{"line":55,"column":8},"end":{"line":55,"column":35}},"16":{"start":{"line":61,"column":4},"end":{"line":63,"column":9}},"17":{"start":{"line":62,"column":8},"end":{"line":62,"column":15}},"18":{"start":{"line":64,"column":4},"end":{"line":77,"column":5}},"19":{"start":{"line":70,"column":8},"end":{"line":70,"column":14}},"20":{"start":{"line":76,"column":8},"end":{"line":76,"column":14}},"21":{"start":{"line":82,"column":4},"end":{"line":84,"column":9}},"22":{"start":{"line":83,"column":8},"end":{"line":83,"column":15}},"23":{"start":{"line":85,"column":4},"end":{"line":194,"column":5}},"24":{"start":{"line":91,"column":8},"end":{"line":99,"column":10}},"25":{"start":{"line":98,"column":12},"end":{"line":98,"column":35}},"26":{"start":{"line":102,"column":8},"end":{"line":104,"column":63}},"27":{"start":{"line":105,"column":8},"end":{"line":105,"column":14}},"28":{"start":{"line":112,"column":8},"end":{"line":121,"column":10},"skip":true},"29":{"start":{"line":119,"column":12},"end":{"line":119,"column":55},"skip":true},"30":{"start":{"line":120,"column":12},"end":{"line":120,"column":48},"skip":true},"31":{"start":{"line":123,"column":8},"end":{"line":136,"column":10},"skip":true},"32":{"start":{"line":130,"column":12},"end":{"line":130,"column":76},"skip":true},"33":{"start":{"line":131,"column":12},"end":{"line":131,"column":73},"skip":true},"34":{"start":{"line":132,"column":12},"end":{"line":132,"column":74},"skip":true},"35":{"start":{"line":133,"column":12},"end":{"line":133,"column":79},"skip":true},"36":{"start":{"line":134,"column":12},"end":{"line":134,"column":25},"skip":true},"37":{"start":{"line":135,"column":12},"end":{"line":135,"column":45},"skip":true},"38":{"start":{"line":138,"column":8},"end":{"line":145,"column":14},"skip":true},"39":{"start":{"line":143,"column":16},"end":{"line":143,"column":29},"skip":true},"40":{"start":{"line":144,"column":16},"end":{"line":144,"column":55},"skip":true},"41":{"start":{"line":147,"column":8},"end":{"line":156,"column":10},"skip":true},"42":{"start":{"line":154,"column":12},"end":{"line":154,"column":25},"skip":true},"43":{"start":{"line":155,"column":12},"end":{"line":155,"column":45},"skip":true},"44":{"start":{"line":158,"column":8},"end":{"line":167,"column":10},"skip":true},"45":{"start":{"line":165,"column":12},"end":{"line":165,"column":25},"skip":true},"46":{"start":{"line":166,"column":12},"end":{"line":166,"column":48},"skip":true},"47":{"start":{"line":169,"column":8},"end":{"line":178,"column":10},"skip":true},"48":{"start":{"line":176,"column":12},"end":{"line":176,"column":25},"skip":true},"49":{"start":{"line":177,"column":12},"end":{"line":177,"column":46},"skip":true},"50":{"start":{"line":180,"column":8},"end":{"line":189,"column":10},"skip":true},"51":{"start":{"line":187,"column":12},"end":{"line":187,"column":94},"skip":true},"52":{"start":{"line":188,"column":12},"end":{"line":188,"column":48},"skip":true},"53":{"start":{"line":192,"column":8},"end":{"line":192,"column":35},"skip":true},"54":{"start":{"line":193,"column":8},"end":{"line":193,"column":14},"skip":true}},"branchMap":{"1":{"line":25,"type":"binary-expr","locations":[{"start":{"line":25,"column":23},"end":{"line":25,"column":62}},{"start":{"line":26,"column":20},"end":{"line":26,"column":70}},{"start":{"line":27,"column":20},"end":{"line":27,"column":71}},{"start":{"line":28,"column":20},"end":{"line":28,"column":29}}]},"2":{"line":30,"type":"binary-expr","locations":[{"start":{"line":30,"column":23},"end":{"line":30,"column":37}},{"start":{"line":31,"column":20},"end":{"line":31,"column":61}},{"start":{"line":32,"column":20},"end":{"line":32,"column":70}},{"start":{"line":33,"column":20},"end":{"line":33,"column":26}}]},"3":{"line":37,"type":"cond-expr","locations":[{"start":{"line":38,"column":14},"end":{"line":38,"column":20}},{"start":{"line":39,"column":14},"end":{"line":39,"column":20}}]},"4":{"line":40,"type":"switch","locations":[{"start":{"line":42,"column":8},"end":{"line":47,"column":18}},{"start":{"line":49,"column":8},"end":{"line":52,"column":18}}]},"5":{"line":44,"type":"binary-expr","locations":[{"start":{"line":44,"column":16},"end":{"line":44,"column":44}},{"start":{"line":44,"column":48},"end":{"line":44,"column":66}}]},"6":{"line":50,"type":"binary-expr","locations":[{"start":{"line":50,"column":21},"end":{"line":50,"column":49}},{"start":{"line":50,"column":53},"end":{"line":50,"column":72}}]},"7":{"line":64,"type":"switch","locations":[{"start":{"line":69,"column":4},"end":{"line":70,"column":14}},{"start":{"line":75,"column":4},"end":{"line":76,"column":14}}]},"8":{"line":85,"type":"switch","locations":[{"start":{"line":90,"column":4},"end":{"line":105,"column":14}},{"start":{"line":111,"column":4},"end":{"line":193,"column":14},"skip":true}]},"9":{"line":91,"type":"binary-expr","locations":[{"start":{"line":91,"column":42},"end":{"line":91,"column":73}},{"start":{"line":91,"column":77},"end":{"line":99,"column":9}}]},"10":{"line":102,"type":"binary-expr","locations":[{"start":{"line":102,"column":18},"end":{"line":102,"column":32}},{"start":{"line":103,"column":12},"end":{"line":103,"column":53}},{"start":{"line":104,"column":12},"end":{"line":104,"column":61}}]},"11":{"line":112,"type":"binary-expr","locations":[{"start":{"line":112,"column":45},"end":{"line":112,"column":79},"skip":true},{"start":{"line":112,"column":83},"end":{"line":121,"column":9},"skip":true}]},"12":{"line":123,"type":"binary-expr","locations":[{"start":{"line":123,"column":42},"end":{"line":123,"column":73},"skip":true},{"start":{"line":123,"column":77},"end":{"line":136,"column":9},"skip":true}]},"13":{"line":138,"type":"binary-expr","locations":[{"start":{"line":138,"column":48},"end":{"line":138,"column":85},"skip":true},{"start":{"line":139,"column":12},"end":{"line":145,"column":13},"skip":true}]},"14":{"line":147,"type":"binary-expr","locations":[{"start":{"line":147,"column":42},"end":{"line":147,"column":73},"skip":true},{"start":{"line":147,"column":77},"end":{"line":156,"column":9},"skip":true}]},"15":{"line":158,"type":"binary-expr","locations":[{"start":{"line":158,"column":45},"end":{"line":158,"column":79},"skip":true},{"start":{"line":158,"column":83},"end":{"line":167,"column":9},"skip":true}]},"16":{"line":169,"type":"binary-expr","locations":[{"start":{"line":169,"column":43},"end":{"line":169,"column":75},"skip":true},{"start":{"line":169,"column":79},"end":{"line":178,"column":9},"skip":true}]},"17":{"line":180,"type":"binary-expr","locations":[{"start":{"line":180,"column":41},"end":{"line":180,"column":71},"skip":true},{"start":{"line":180,"column":75},"end":{"line":189,"column":9},"skip":true}]}},"code":["/* istanbul instrument in package npmtest_stomp_client */","/*jslint","    bitwise: true,","    browser: true,","    maxerr: 8,","    maxlen: 96,","    node: true,","    nomen: true,","    regexp: true,","    stupid: true","*/","(function () {","    'use strict';","    var local;","","","","    // run shared js-env code - pre-init","    (function () {","        // init local","        local = {};","        // init modeJs","        local.modeJs = (function () {","            try {","                return typeof navigator.userAgent === 'string' &&","                    typeof document.querySelector('body') === 'object' &&","                    typeof XMLHttpRequest.prototype.open === 'function' &&","                    'browser';","            } catch (errorCaughtBrowser) {","                return module.exports &&","                    typeof process.versions.node === 'string' &&","                    typeof require('http').createServer === 'function' &&","                    'node';","            }","        }());","        // init global","        local.global = local.modeJs === 'browser'","            ? window","            : global;","        switch (local.modeJs) {","        // re-init local from window.local","        case 'browser':","            local = local.global.utility2.objectSetDefault(","                local.global.utility2_rollup || local.global.local,","                local.global.utility2","            );","            break;","        // re-init local from example.js","        case 'node':","            local = (local.global.utility2_rollup || require('utility2'))","                .requireExampleJsFromReadme();","            break;","        }","        // export local","        local.global.local = local;","    }());","","","","    // run shared js-env code - function","    (function () {","        return;","    }());","    switch (local.modeJs) {","","","","    // run browser js-env code - function","    case 'browser':","        break;","","","","    // run node js-env code - function","    case 'node':","        break;","    }","","","","    // run shared js-env code - post-init","    (function () {","        return;","    }());","    switch (local.modeJs) {","","","","    // run browser js-env code - post-init","    case 'browser':","        local.testCase_browser_nullCase = local.testCase_browser_nullCase || function (","            options,","            onError","        ) {","        /*","         * this function will test browsers's null-case handling-behavior-behavior","         */","            onError(null, options);","        };","","        // run tests","        local.nop(local.modeTest &&","            document.querySelector('#testRunButton1') &&","            document.querySelector('#testRunButton1').click());","        break;","","","","    // run node js-env code - post-init","    /* istanbul ignore next */","    case 'node':","        local.testCase_buildApidoc_default = local.testCase_buildApidoc_default || function (","            options,","            onError","        ) {","        /*","         * this function will test buildApidoc's default handling-behavior-behavior","         */","            options = { modulePathList: module.paths };","            local.buildApidoc(options, onError);","        };","","        local.testCase_buildApp_default = local.testCase_buildApp_default || function (","            options,","            onError","        ) {","        /*","         * this function will test buildApp's default handling-behavior-behavior","         */","            local.testCase_buildReadme_default(options, local.onErrorThrow);","            local.testCase_buildLib_default(options, local.onErrorThrow);","            local.testCase_buildTest_default(options, local.onErrorThrow);","            local.testCase_buildCustomOrg_default(options, local.onErrorThrow);","            options = [];","            local.buildApp(options, onError);","        };","","        local.testCase_buildCustomOrg_default = local.testCase_buildCustomOrg_default ||","            function (options, onError) {","            /*","             * this function will test buildCustomOrg's default handling-behavior","             */","                options = {};","                local.buildCustomOrg(options, onError);","            };","","        local.testCase_buildLib_default = local.testCase_buildLib_default || function (","            options,","            onError","        ) {","        /*","         * this function will test buildLib's default handling-behavior","         */","            options = {};","            local.buildLib(options, onError);","        };","","        local.testCase_buildReadme_default = local.testCase_buildReadme_default || function (","            options,","            onError","        ) {","        /*","         * this function will test buildReadme's default handling-behavior-behavior","         */","            options = {};","            local.buildReadme(options, onError);","        };","","        local.testCase_buildTest_default = local.testCase_buildTest_default || function (","            options,","            onError","        ) {","        /*","         * this function will test buildTest's default handling-behavior","         */","            options = {};","            local.buildTest(options, onError);","        };","","        local.testCase_webpage_default = local.testCase_webpage_default || function (","            options,","            onError","        ) {","        /*","         * this function will test webpage's default handling-behavior","         */","            options = { modeCoverageMerge: true, url: local.serverLocalHost + '?modeTest=1' };","            local.browserTest(options, onError);","        };","","        // run test-server","        local.testRunServer(local);","        break;","    }","}());",""],"l":{"12":2,"14":2,"19":2,"21":2,"23":2,"24":2,"25":2,"30":1,"37":2,"40":2,"43":1,"47":1,"50":1,"52":1,"55":2,"61":2,"62":2,"64":2,"70":1,"76":1,"82":2,"83":2,"85":2,"91":1,"98":1,"102":1,"105":1,"112":1,"119":1,"120":1,"123":1,"130":1,"131":1,"132":1,"133":1,"134":1,"135":1,"138":1,"143":2,"144":2,"147":1,"154":2,"155":2,"158":1,"165":2,"166":2,"169":1,"176":2,"177":2,"180":1,"187":1,"188":1,"192":1,"193":1}},"/home/travis/build/npmtest/node-npmtest-stomp-client/lib.npmtest_stomp_client.js":{"path":"/home/travis/build/npmtest/node-npmtest-stomp-client/lib.npmtest_stomp_client.js","s":{"1":2,"2":2,"3":2,"4":2,"5":2,"6":2,"7":2,"8":1,"9":2,"10":2,"11":2,"12":2,"13":1,"14":1,"15":1,"16":1},"b":{"1":[2,1,1,1],"2":[1,1,1,1],"3":[1,1],"4":[2,2],"5":[1,1]},"f":{"1":2,"2":2,"3":2},"fnMap":{"1":{"name":"(anonymous_1)","line":12,"loc":{"start":{"line":12,"column":1},"end":{"line":12,"column":13}}},"2":{"name":"(anonymous_2)","line":19,"loc":{"start":{"line":19,"column":5},"end":{"line":19,"column":17}}},"3":{"name":"(anonymous_3)","line":23,"loc":{"start":{"line":23,"column":24},"end":{"line":23,"column":36}}}},"statementMap":{"1":{"start":{"line":12,"column":0},"end":{"line":53,"column":5}},"2":{"start":{"line":14,"column":4},"end":{"line":14,"column":14}},"3":{"start":{"line":19,"column":4},"end":{"line":52,"column":9}},"4":{"start":{"line":21,"column":8},"end":{"line":21,"column":19}},"5":{"start":{"line":23,"column":8},"end":{"line":35,"column":13}},"6":{"start":{"line":24,"column":12},"end":{"line":34,"column":13}},"7":{"start":{"line":25,"column":16},"end":{"line":28,"column":30}},"8":{"start":{"line":30,"column":16},"end":{"line":33,"column":27}},"9":{"start":{"line":37,"column":8},"end":{"line":39,"column":21}},"10":{"start":{"line":41,"column":8},"end":{"line":41,"column":54}},"11":{"start":{"line":43,"column":8},"end":{"line":43,"column":57}},"12":{"start":{"line":45,"column":8},"end":{"line":51,"column":9}},"13":{"start":{"line":46,"column":12},"end":{"line":46,"column":63}},"14":{"start":{"line":48,"column":12},"end":{"line":48,"column":35}},"15":{"start":{"line":49,"column":12},"end":{"line":49,"column":49}},"16":{"start":{"line":50,"column":12},"end":{"line":50,"column":43}}},"branchMap":{"1":{"line":25,"type":"binary-expr","locations":[{"start":{"line":25,"column":23},"end":{"line":25,"column":62}},{"start":{"line":26,"column":20},"end":{"line":26,"column":70}},{"start":{"line":27,"column":20},"end":{"line":27,"column":71}},{"start":{"line":28,"column":20},"end":{"line":28,"column":29}}]},"2":{"line":30,"type":"binary-expr","locations":[{"start":{"line":30,"column":23},"end":{"line":30,"column":37}},{"start":{"line":31,"column":20},"end":{"line":31,"column":61}},{"start":{"line":32,"column":20},"end":{"line":32,"column":70}},{"start":{"line":33,"column":20},"end":{"line":33,"column":26}}]},"3":{"line":37,"type":"cond-expr","locations":[{"start":{"line":38,"column":14},"end":{"line":38,"column":20}},{"start":{"line":39,"column":14},"end":{"line":39,"column":20}}]},"4":{"line":41,"type":"binary-expr","locations":[{"start":{"line":41,"column":16},"end":{"line":41,"column":44}},{"start":{"line":41,"column":48},"end":{"line":41,"column":53}}]},"5":{"line":45,"type":"if","locations":[{"start":{"line":45,"column":8},"end":{"line":45,"column":8}},{"start":{"line":45,"column":8},"end":{"line":45,"column":8}}]}},"code":["/* istanbul instrument in package npmtest_stomp_client */","/*jslint","    bitwise: true,","    browser: true,","    maxerr: 8,","    maxlen: 96,","    node: true,","    nomen: true,","    regexp: true,","    stupid: true","*/","(function () {","    'use strict';","    var local;","","","","    // run shared js-env code - pre-init","    (function () {","        // init local","        local = {};","        // init modeJs","        local.modeJs = (function () {","            try {","                return typeof navigator.userAgent === 'string' &&","                    typeof document.querySelector('body') === 'object' &&","                    typeof XMLHttpRequest.prototype.open === 'function' &&","                    'browser';","            } catch (errorCaughtBrowser) {","                return module.exports &&","                    typeof process.versions.node === 'string' &&","                    typeof require('http').createServer === 'function' &&","                    'node';","            }","        }());","        // init global","        local.global = local.modeJs === 'browser'","            ? window","            : global;","        // init utility2_rollup","        local = local.global.utility2_rollup || local;","        // init lib","        local.local = local.npmtest_stomp_client = local;","        // init exports","        if (local.modeJs === 'browser') {","            local.global.utility2_npmtest_stomp_client = local;","        } else {","            module.exports = local;","            module.exports.__dirname = __dirname;","            module.exports.module = module;","        }","    }());","}());",""],"l":{"12":2,"14":2,"19":2,"21":2,"23":2,"24":2,"25":2,"30":1,"37":2,"41":2,"43":2,"45":2,"46":1,"48":1,"49":1,"50":1}},"/home/travis/build/npmtest/node-npmtest-stomp-client/example.js":{"path":"/home/travis/build/npmtest/node-npmtest-stomp-client/example.js","s":{"1":2,"2":2,"3":2,"4":2,"5":2,"6":2,"7":2,"8":1,"9":2,"10":2,"11":2,"12":2,"13":1,"14":2,"15":2,"16":2,"17":2,"18":2,"19":0,"20":2,"21":1,"22":1,"23":1,"24":1,"25":1,"26":0,"27":0,"28":1,"29":1,"30":2,"31":0,"32":0,"33":0,"34":1,"35":2,"36":2,"37":3,"38":3,"39":3,"40":3,"41":0,"42":3,"43":3,"44":3,"45":1,"46":3,"47":1,"48":1,"49":1,"50":1,"51":1,"52":1,"53":1,"54":1,"55":1,"56":1,"57":0,"58":1,"59":6,"60":6,"61":1,"62":2,"63":0,"64":2,"65":1,"66":1,"67":0,"68":0,"69":0,"70":0,"71":0,"72":0,"73":0,"74":0,"75":0,"76":0,"77":0,"78":0,"79":0,"80":0,"81":0,"82":0,"83":0},"b":{"1":[2,1,1,1],"2":[1,1,1,1],"3":[1,1],"4":[2,2],"5":[1,1],"6":[1,1],"7":[2,0],"8":[2,1,1,1,1,1],"9":[0,2,0],"10":[1,1],"11":[2,1,1],"12":[1,0],"13":[0,2],"14":[2,0,0,0,0,0,0],"15":[0,3],"16":[3,0],"17":[1,1],"18":[0,1],"19":[1,2,0,2],"20":[1,0],"21":[1,1],"22":[0,0],"23":[0,0],"24":[0,0],"25":[0,0],"26":[0,0],"27":[0,0],"28":[0,0]},"f":{"1":2,"2":2,"3":2,"4":2,"5":2,"6":2,"7":3,"8":3,"9":3,"10":1,"11":6,"12":0},"fnMap":{"1":{"name":"(anonymous_1)","line":26,"loc":{"start":{"line":26,"column":1},"end":{"line":26,"column":13}}},"2":{"name":"(anonymous_2)","line":33,"loc":{"start":{"line":33,"column":5},"end":{"line":33,"column":17}}},"3":{"name":"(anonymous_3)","line":37,"loc":{"start":{"line":37,"column":24},"end":{"line":37,"column":36}}},"4":{"name":"(anonymous_4)","line":69,"loc":{"start":{"line":69,"column":31},"end":{"line":69,"column":48}},"skip":true},"5":{"name":"(anonymous_5)","line":78,"loc":{"start":{"line":78,"column":26},"end":{"line":78,"column":45}},"skip":true},"6":{"name":"(anonymous_6)","line":123,"loc":{"start":{"line":123,"column":33},"end":{"line":123,"column":48}},"skip":true},"7":{"name":"(anonymous_7)","line":125,"loc":{"start":{"line":125,"column":27},"end":{"line":125,"column":39}},"skip":true},"8":{"name":"(anonymous_8)","line":133,"loc":{"start":{"line":133,"column":59},"end":{"line":133,"column":74}},"skip":true},"9":{"name":"(anonymous_9)","line":143,"loc":{"start":{"line":143,"column":45},"end":{"line":143,"column":62}},"skip":true},"10":{"name":"(anonymous_10)","line":144,"loc":{"start":{"line":144,"column":73},"end":{"line":144,"column":92}},"skip":true},"11":{"name":"(anonymous_11)","line":272,"loc":{"start":{"line":272,"column":51},"end":{"line":272,"column":77}},"skip":true},"12":{"name":"(anonymous_12)","line":315,"loc":{"start":{"line":315,"column":32},"end":{"line":315,"column":61}},"skip":true}},"statementMap":{"1":{"start":{"line":26,"column":0},"end":{"line":326,"column":5}},"2":{"start":{"line":28,"column":4},"end":{"line":28,"column":14}},"3":{"start":{"line":33,"column":4},"end":{"line":60,"column":9}},"4":{"start":{"line":35,"column":8},"end":{"line":35,"column":19}},"5":{"start":{"line":37,"column":8},"end":{"line":49,"column":13}},"6":{"start":{"line":38,"column":12},"end":{"line":48,"column":13}},"7":{"start":{"line":39,"column":16},"end":{"line":42,"column":30}},"8":{"start":{"line":44,"column":16},"end":{"line":47,"column":27}},"9":{"start":{"line":51,"column":8},"end":{"line":53,"column":21}},"10":{"start":{"line":55,"column":8},"end":{"line":57,"column":45}},"11":{"start":{"line":59,"column":8},"end":{"line":59,"column":35}},"12":{"start":{"line":61,"column":4},"end":{"line":325,"column":5}},"13":{"start":{"line":69,"column":8},"end":{"line":121,"column":10},"skip":true},"14":{"start":{"line":70,"column":12},"end":{"line":88,"column":13},"skip":true},"15":{"start":{"line":76,"column":16},"end":{"line":87,"column":19},"skip":true},"16":{"start":{"line":79,"column":20},"end":{"line":86,"column":21},"skip":true},"17":{"start":{"line":82,"column":24},"end":{"line":82,"column":43},"skip":true},"18":{"start":{"line":83,"column":24},"end":{"line":83,"column":30},"skip":true},"19":{"start":{"line":85,"column":24},"end":{"line":85,"column":49},"skip":true},"20":{"start":{"line":89,"column":12},"end":{"line":107,"column":13},"skip":true},"21":{"start":{"line":92,"column":16},"end":{"line":102,"column":17},"skip":true},"22":{"start":{"line":93,"column":20},"end":{"line":93,"column":86},"skip":true},"23":{"start":{"line":94,"column":20},"end":{"line":95,"column":45},"skip":true},"24":{"start":{"line":96,"column":20},"end":{"line":96,"column":42},"skip":true},"25":{"start":{"line":97,"column":20},"end":{"line":97,"column":48},"skip":true},"26":{"start":{"line":100,"column":20},"end":{"line":100,"column":85},"skip":true},"27":{"start":{"line":101,"column":20},"end":{"line":101,"column":96},"skip":true},"28":{"start":{"line":103,"column":16},"end":{"line":103,"column":22},"skip":true},"29":{"start":{"line":106,"column":16},"end":{"line":106,"column":22},"skip":true},"30":{"start":{"line":108,"column":12},"end":{"line":120,"column":13},"skip":true},"31":{"start":{"line":114,"column":16},"end":{"line":119,"column":17},"skip":true},"32":{"start":{"line":116,"column":20},"end":{"line":116,"column":78},"skip":true},"33":{"start":{"line":118,"column":20},"end":{"line":118,"column":47},"skip":true},"34":{"start":{"line":123,"column":8},"end":{"line":141,"column":11},"skip":true},"35":{"start":{"line":124,"column":12},"end":{"line":124,"column":54},"skip":true},"36":{"start":{"line":125,"column":12},"end":{"line":140,"column":14},"skip":true},"37":{"start":{"line":126,"column":16},"end":{"line":126,"column":28},"skip":true},"38":{"start":{"line":127,"column":16},"end":{"line":127,"column":69},"skip":true},"39":{"start":{"line":128,"column":16},"end":{"line":128,"column":75},"skip":true},"40":{"start":{"line":129,"column":16},"end":{"line":131,"column":17},"skip":true},"41":{"start":{"line":130,"column":20},"end":{"line":130,"column":27},"skip":true},"42":{"start":{"line":133,"column":16},"end":{"line":137,"column":36},"skip":true},"43":{"start":{"line":134,"column":20},"end":{"line":136,"column":55},"skip":true},"44":{"start":{"line":139,"column":16},"end":{"line":139,"column":57},"skip":true},"45":{"start":{"line":143,"column":8},"end":{"line":147,"column":11},"skip":true},"46":{"start":{"line":144,"column":12},"end":{"line":146,"column":15},"skip":true},"47":{"start":{"line":145,"column":16},"end":{"line":145,"column":70},"skip":true},"48":{"start":{"line":149,"column":8},"end":{"line":149,"column":31},"skip":true},"49":{"start":{"line":150,"column":8},"end":{"line":150,"column":14},"skip":true},"50":{"start":{"line":158,"column":8},"end":{"line":158,"column":31},"skip":true},"51":{"start":{"line":160,"column":8},"end":{"line":160,"column":33},"skip":true},"52":{"start":{"line":161,"column":8},"end":{"line":161,"column":37},"skip":true},"53":{"start":{"line":162,"column":8},"end":{"line":162,"column":35},"skip":true},"54":{"start":{"line":164,"column":8},"end":{"line":164,"column":50},"skip":true},"55":{"start":{"line":166,"column":8},"end":{"line":256,"column":2},"skip":true},"56":{"start":{"line":258,"column":8},"end":{"line":286,"column":9},"skip":true},"57":{"start":{"line":259,"column":12},"end":{"line":269,"column":14},"skip":true},"58":{"start":{"line":271,"column":12},"end":{"line":285,"column":19},"skip":true},"59":{"start":{"line":274,"column":20},"end":{"line":274,"column":35},"skip":true},"60":{"start":{"line":275,"column":20},"end":{"line":284,"column":21},"skip":true},"61":{"start":{"line":277,"column":24},"end":{"line":277,"column":64},"skip":true},"62":{"start":{"line":279,"column":24},"end":{"line":279,"column":40},"skip":true},"63":{"start":{"line":281,"column":24},"end":{"line":281,"column":40},"skip":true},"64":{"start":{"line":283,"column":24},"end":{"line":283,"column":39},"skip":true},"65":{"start":{"line":288,"column":8},"end":{"line":290,"column":9},"skip":true},"66":{"start":{"line":289,"column":12},"end":{"line":289,"column":18},"skip":true},"67":{"start":{"line":291,"column":8},"end":{"line":293,"column":54},"skip":true},"68":{"start":{"line":296,"column":8},"end":{"line":301,"column":37},"skip":true},"69":{"start":{"line":303,"column":8},"end":{"line":303,"column":82},"skip":true},"70":{"start":{"line":306,"column":8},"end":{"line":308,"column":9},"skip":true},"71":{"start":{"line":307,"column":12},"end":{"line":307,"column":82},"skip":true},"72":{"start":{"line":310,"column":8},"end":{"line":312,"column":9},"skip":true},"73":{"start":{"line":311,"column":12},"end":{"line":311,"column":18},"skip":true},"74":{"start":{"line":313,"column":8},"end":{"line":313,"column":54},"skip":true},"75":{"start":{"line":314,"column":8},"end":{"line":314,"column":69},"skip":true},"76":{"start":{"line":315,"column":8},"end":{"line":323,"column":36},"skip":true},"77":{"start":{"line":316,"column":12},"end":{"line":316,"column":61},"skip":true},"78":{"start":{"line":317,"column":12},"end":{"line":320,"column":13},"skip":true},"79":{"start":{"line":318,"column":16},"end":{"line":318,"column":75},"skip":true},"80":{"start":{"line":319,"column":16},"end":{"line":319,"column":23},"skip":true},"81":{"start":{"line":321,"column":12},"end":{"line":321,"column":38},"skip":true},"82":{"start":{"line":322,"column":12},"end":{"line":322,"column":27},"skip":true},"83":{"start":{"line":324,"column":8},"end":{"line":324,"column":14},"skip":true}},"branchMap":{"1":{"line":39,"type":"binary-expr","locations":[{"start":{"line":39,"column":23},"end":{"line":39,"column":62}},{"start":{"line":40,"column":20},"end":{"line":40,"column":70}},{"start":{"line":41,"column":20},"end":{"line":41,"column":71}},{"start":{"line":42,"column":20},"end":{"line":42,"column":29}}]},"2":{"line":44,"type":"binary-expr","locations":[{"start":{"line":44,"column":23},"end":{"line":44,"column":37}},{"start":{"line":45,"column":20},"end":{"line":45,"column":61}},{"start":{"line":46,"column":20},"end":{"line":46,"column":70}},{"start":{"line":47,"column":20},"end":{"line":47,"column":26}}]},"3":{"line":51,"type":"cond-expr","locations":[{"start":{"line":52,"column":14},"end":{"line":52,"column":20}},{"start":{"line":53,"column":14},"end":{"line":53,"column":20}}]},"4":{"line":55,"type":"binary-expr","locations":[{"start":{"line":55,"column":16},"end":{"line":55,"column":44}},{"start":{"line":55,"column":49},"end":{"line":57,"column":43}}]},"5":{"line":55,"type":"cond-expr","locations":[{"start":{"line":56,"column":14},"end":{"line":56,"column":56}},{"start":{"line":57,"column":14},"end":{"line":57,"column":43}}]},"6":{"line":61,"type":"switch","locations":[{"start":{"line":68,"column":4},"end":{"line":150,"column":14},"skip":true},{"start":{"line":156,"column":4},"end":{"line":324,"column":14},"skip":true}]},"7":{"line":70,"type":"if","locations":[{"start":{"line":70,"column":12},"end":{"line":70,"column":12},"skip":true},{"start":{"line":70,"column":12},"end":{"line":70,"column":12},"skip":true}]},"8":{"line":70,"type":"binary-expr","locations":[{"start":{"line":70,"column":16},"end":{"line":70,"column":22},"skip":true},{"start":{"line":70,"column":27},"end":{"line":70,"column":32},"skip":true},{"start":{"line":71,"column":20},"end":{"line":71,"column":39},"skip":true},{"start":{"line":72,"column":20},"end":{"line":72,"column":49},"skip":true},{"start":{"line":73,"column":20},"end":{"line":73,"column":58},"skip":true},{"start":{"line":74,"column":20},"end":{"line":74,"column":69},"skip":true}]},"9":{"line":79,"type":"switch","locations":[{"start":{"line":80,"column":20},"end":{"line":80,"column":33},"skip":true},{"start":{"line":81,"column":20},"end":{"line":83,"column":30},"skip":true},{"start":{"line":84,"column":20},"end":{"line":85,"column":49},"skip":true}]},"10":{"line":89,"type":"switch","locations":[{"start":{"line":90,"column":12},"end":{"line":103,"column":22},"skip":true},{"start":{"line":105,"column":12},"end":{"line":106,"column":22},"skip":true}]},"11":{"line":89,"type":"binary-expr","locations":[{"start":{"line":89,"column":20},"end":{"line":89,"column":25},"skip":true},{"start":{"line":89,"column":29},"end":{"line":89,"column":48},"skip":true},{"start":{"line":89,"column":52},"end":{"line":89,"column":74},"skip":true}]},"12":{"line":92,"type":"if","locations":[{"start":{"line":92,"column":16},"end":{"line":92,"column":16},"skip":true},{"start":{"line":92,"column":16},"end":{"line":92,"column":16},"skip":true}]},"13":{"line":108,"type":"if","locations":[{"start":{"line":108,"column":12},"end":{"line":108,"column":12},"skip":true},{"start":{"line":108,"column":12},"end":{"line":108,"column":12},"skip":true}]},"14":{"line":108,"type":"binary-expr","locations":[{"start":{"line":108,"column":16},"end":{"line":108,"column":61},"skip":true},{"start":{"line":108,"column":66},"end":{"line":108,"column":72},"skip":true},{"start":{"line":108,"column":77},"end":{"line":108,"column":82},"skip":true},{"start":{"line":109,"column":20},"end":{"line":109,"column":39},"skip":true},{"start":{"line":110,"column":20},"end":{"line":110,"column":49},"skip":true},{"start":{"line":111,"column":20},"end":{"line":111,"column":58},"skip":true},{"start":{"line":112,"column":20},"end":{"line":112,"column":68},"skip":true}]},"15":{"line":129,"type":"if","locations":[{"start":{"line":129,"column":16},"end":{"line":129,"column":16},"skip":true},{"start":{"line":129,"column":16},"end":{"line":129,"column":16},"skip":true}]},"16":{"line":134,"type":"cond-expr","locations":[{"start":{"line":135,"column":26},"end":{"line":135,"column":29},"skip":true},{"start":{"line":136,"column":26},"end":{"line":136,"column":54},"skip":true}]},"17":{"line":164,"type":"binary-expr","locations":[{"start":{"line":164,"column":27},"end":{"line":164,"column":43},"skip":true},{"start":{"line":164,"column":47},"end":{"line":164,"column":49},"skip":true}]},"18":{"line":258,"type":"if","locations":[{"start":{"line":258,"column":8},"end":{"line":258,"column":8},"skip":true},{"start":{"line":258,"column":8},"end":{"line":258,"column":8},"skip":true}]},"19":{"line":275,"type":"switch","locations":[{"start":{"line":276,"column":20},"end":{"line":277,"column":64},"skip":true},{"start":{"line":278,"column":20},"end":{"line":279,"column":40},"skip":true},{"start":{"line":280,"column":20},"end":{"line":281,"column":40},"skip":true},{"start":{"line":282,"column":20},"end":{"line":283,"column":39},"skip":true}]},"20":{"line":288,"type":"if","locations":[{"start":{"line":288,"column":8},"end":{"line":288,"column":8},"skip":true},{"start":{"line":288,"column":8},"end":{"line":288,"column":8},"skip":true}]},"21":{"line":288,"type":"binary-expr","locations":[{"start":{"line":288,"column":12},"end":{"line":288,"column":40},"skip":true},{"start":{"line":288,"column":44},"end":{"line":288,"column":67},"skip":true}]},"22":{"line":292,"type":"binary-expr","locations":[{"start":{"line":292,"column":12},"end":{"line":292,"column":50},"skip":true},{"start":{"line":293,"column":12},"end":{"line":293,"column":53},"skip":true}]},"23":{"line":297,"type":"binary-expr","locations":[{"start":{"line":297,"column":12},"end":{"line":297,"column":70},"skip":true},{"start":{"line":298,"column":12},"end":{"line":301,"column":36},"skip":true}]},"24":{"line":303,"type":"binary-expr","locations":[{"start":{"line":303,"column":43},"end":{"line":303,"column":75},"skip":true},{"start":{"line":303,"column":79},"end":{"line":303,"column":81},"skip":true}]},"25":{"line":306,"type":"if","locations":[{"start":{"line":306,"column":8},"end":{"line":306,"column":8},"skip":true},{"start":{"line":306,"column":8},"end":{"line":306,"column":8},"skip":true}]},"26":{"line":310,"type":"if","locations":[{"start":{"line":310,"column":8},"end":{"line":310,"column":8},"skip":true},{"start":{"line":310,"column":8},"end":{"line":310,"column":8},"skip":true}]},"27":{"line":313,"type":"binary-expr","locations":[{"start":{"line":313,"column":27},"end":{"line":313,"column":43},"skip":true},{"start":{"line":313,"column":47},"end":{"line":313,"column":53},"skip":true}]},"28":{"line":317,"type":"if","locations":[{"start":{"line":317,"column":12},"end":{"line":317,"column":12},"skip":true},{"start":{"line":317,"column":12},"end":{"line":317,"column":12},"skip":true}]}},"code":["/*","example.js","","quickstart example","","instruction","    1. save this script as example.js","    2. run the shell command:","        $ npm install npmtest-stomp-client && PORT=8081 node example.js","    3. play with the browser-demo on http://127.0.0.1:8081","*/","","","","/* istanbul instrument in package npmtest_stomp_client */","/*jslint","    bitwise: true,","    browser: true,","    maxerr: 8,","    maxlen: 96,","    node: true,","    nomen: true,","    regexp: true,","    stupid: true","*/","(function () {","    'use strict';","    var local;","","","","    // run shared js-env code - pre-init","    (function () {","        // init local","        local = {};","        // init modeJs","        local.modeJs = (function () {","            try {","                return typeof navigator.userAgent === 'string' &&","                    typeof document.querySelector('body') === 'object' &&","                    typeof XMLHttpRequest.prototype.open === 'function' &&","                    'browser';","            } catch (errorCaughtBrowser) {","                return module.exports &&","                    typeof process.versions.node === 'string' &&","                    typeof require('http').createServer === 'function' &&","                    'node';","            }","        }());","        // init global","        local.global = local.modeJs === 'browser'","            ? window","            : global;","        // init utility2_rollup","        local = local.global.utility2_rollup || (local.modeJs === 'browser'","            ? local.global.utility2_npmtest_stomp_client","            : global.utility2_moduleExports);","        // export local","        local.global.local = local;","    }());","    switch (local.modeJs) {","","","","    // post-init","    // run browser js-env code - post-init","    /* istanbul ignore next */","    case 'browser':","        local.testRunBrowser = function (event) {","            if (!event || (event &&","                    event.currentTarget &&","                    event.currentTarget.className &&","                    event.currentTarget.className.includes &&","                    event.currentTarget.className.includes('onreset'))) {","                // reset output","                Array.from(","                    document.querySelectorAll('body > .resettable')","                ).forEach(function (element) {","                    switch (element.tagName) {","                    case 'INPUT':","                    case 'TEXTAREA':","                        element.value = '';","                        break;","                    default:","                        element.textContent = '';","                    }","                });","            }","            switch (event && event.currentTarget && event.currentTarget.id) {","            case 'testRunButton1':","                // show tests","                if (document.querySelector('#testReportDiv1').style.display === 'none') {","                    document.querySelector('#testReportDiv1').style.display = 'block';","                    document.querySelector('#testRunButton1').textContent =","                        'hide internal test';","                    local.modeTest = true;","                    local.testRunDefault(local);","                // hide tests","                } else {","                    document.querySelector('#testReportDiv1').style.display = 'none';","                    document.querySelector('#testRunButton1').textContent = 'run internal test';","                }","                break;","            // custom-case","            default:","                break;","            }","            if (document.querySelector('#inputTextareaEval1') && (!event || (event &&","                    event.currentTarget &&","                    event.currentTarget.className &&","                    event.currentTarget.className.includes &&","                    event.currentTarget.className.includes('oneval')))) {","                // try to eval input-code","                try {","                    /*jslint evil: true*/","                    eval(document.querySelector('#inputTextareaEval1').value);","                } catch (errorCaught) {","                    console.error(errorCaught);","                }","            }","        };","        // log stderr and stdout to #outputTextareaStdout1","        ['error', 'log'].forEach(function (key) {","            console[key + '_original'] = console[key];","            console[key] = function () {","                var element;","                console[key + '_original'].apply(console, arguments);","                element = document.querySelector('#outputTextareaStdout1');","                if (!element) {","                    return;","                }","                // append text to #outputTextareaStdout1","                element.value += Array.from(arguments).map(function (arg) {","                    return typeof arg === 'string'","                        ? arg","                        : JSON.stringify(arg, null, 4);","                }).join(' ') + '\\n';","                // scroll textarea to bottom","                element.scrollTop = element.scrollHeight;","            };","        });","        // init event-handling","        ['change', 'click', 'keyup'].forEach(function (event) {","            Array.from(document.querySelectorAll('.on' + event)).forEach(function (element) {","                element.addEventListener(event, local.testRunBrowser);","            });","        });","        // run tests","        local.testRunBrowser();","        break;","","","","    // run node js-env code - post-init","    /* istanbul ignore next */","    case 'node':","        // export local","        module.exports = local;","        // require modules","        local.fs = require('fs');","        local.http = require('http');","        local.url = require('url');","        // init assets","        local.assetsDict = local.assetsDict || {};","        /* jslint-ignore-begin */","        local.assetsDict['/assets.index.template.html'] = '\\","<!doctype html>\\n\\","<html lang=\"en\">\\n\\","<head>\\n\\","<meta charset=\"UTF-8\">\\n\\","<meta name=\"viewport\" content=\"width=device-width, initial-scale=1\">\\n\\","<title>{{env.npm_package_name}} (v{{env.npm_package_version}})</title>\\n\\","<style>\\n\\","/*csslint\\n\\","    box-sizing: false,\\n\\","    universal-selector: false\\n\\","*/\\n\\","* {\\n\\","    box-sizing: border-box;\\n\\","}\\n\\","body {\\n\\","    background: #dde;\\n\\","    font-family: Arial, Helvetica, sans-serif;\\n\\","    margin: 2rem;\\n\\","}\\n\\","body > * {\\n\\","    margin-bottom: 1rem;\\n\\","}\\n\\",".utility2FooterDiv {\\n\\","    margin-top: 20px;\\n\\","    text-align: center;\\n\\","}\\n\\","</style>\\n\\","<style>\\n\\","/*csslint\\n\\","*/\\n\\","textarea {\\n\\","    font-family: monospace;\\n\\","    height: 10rem;\\n\\","    width: 100%;\\n\\","}\\n\\","textarea[readonly] {\\n\\","    background: #ddd;\\n\\","}\\n\\","</style>\\n\\","</head>\\n\\","<body>\\n\\","<!-- utility2-comment\\n\\","<div id=\"ajaxProgressDiv1\" style=\"background: #d00; height: 2px; left: 0; margin: 0; padding: 0; position: fixed; top: 0; transition: background 0.5s, width 1.5s; width: 25%;\"></div>\\n\\","utility2-comment -->\\n\\","<h1>\\n\\","<!-- utility2-comment\\n\\","    <a\\n\\","        {{#if env.npm_package_homepage}}\\n\\","        href=\"{{env.npm_package_homepage}}\"\\n\\","        {{/if env.npm_package_homepage}}\\n\\","        target=\"_blank\"\\n\\","    >\\n\\","utility2-comment -->\\n\\","        {{env.npm_package_name}} (v{{env.npm_package_version}})\\n\\","<!-- utility2-comment\\n\\","    </a>\\n\\","utility2-comment -->\\n\\","</h1>\\n\\","<h3>{{env.npm_package_description}}</h3>\\n\\","<!-- utility2-comment\\n\\","<h4><a download href=\"assets.app.js\">download standalone app</a></h4>\\n\\","<button class=\"onclick onreset\" id=\"testRunButton1\">run internal test</button><br>\\n\\","<div id=\"testReportDiv1\" style=\"display: none;\"></div>\\n\\","utility2-comment -->\\n\\","\\n\\","\\n\\","\\n\\","<label>stderr and stdout</label>\\n\\","<textarea class=\"resettable\" id=\"outputTextareaStdout1\" readonly></textarea>\\n\\","<!-- utility2-comment\\n\\","{{#if isRollup}}\\n\\","<script src=\"assets.app.js\"></script>\\n\\","{{#unless isRollup}}\\n\\","utility2-comment -->\\n\\","<script src=\"assets.utility2.rollup.js\"></script>\\n\\","<script src=\"jsonp.utility2._stateInit?callback=window.utility2._stateInit\"></script>\\n\\","<script src=\"assets.npmtest_stomp_client.rollup.js\"></script>\\n\\","<script src=\"assets.example.js\"></script>\\n\\","<script src=\"assets.test.js\"></script>\\n\\","<!-- utility2-comment\\n\\","{{/if isRollup}}\\n\\","utility2-comment -->\\n\\","<div class=\"utility2FooterDiv\">\\n\\","    [ this app was created with\\n\\","    <a href=\"https://github.com/kaizhu256/node-utility2\" target=\"_blank\">utility2</a>\\n\\","    ]\\n\\","</div>\\n\\","</body>\\n\\","</html>\\n\\","';","        /* jslint-ignore-end */","        if (local.templateRender) {","            local.assetsDict['/'] = local.templateRender(","                local.assetsDict['/assets.index.template.html'],","                {","                    env: local.objectSetDefault(local.env, {","                        npm_package_description: 'the greatest app in the world!',","                        npm_package_name: 'my-app',","                        npm_package_nameAlias: 'my_app',","                        npm_package_version: '0.0.1'","                    })","                }","            );","        } else {","            local.assetsDict['/'] = local.assetsDict['/assets.index.template.html']","                .replace((/\\{\\{env\\.(\\w+?)\\}\\}/g), function (match0, match1) {","                    // jslint-hack","                    String(match0);","                    switch (match1) {","                    case 'npm_package_description':","                        return 'the greatest app in the world!';","                    case 'npm_package_name':","                        return 'my-app';","                    case 'npm_package_nameAlias':","                        return 'my_app';","                    case 'npm_package_version':","                        return '0.0.1';","                    }","                });","        }","        // run the cli","        if (local.global.utility2_rollup || module !== require.main) {","            break;","        }","        local.assetsDict['/assets.example.js'] =","            local.assetsDict['/assets.example.js'] ||","            local.fs.readFileSync(__filename, 'utf8');","        // bug-workaround - long $npm_package_buildCustomOrg","        /* jslint-ignore-begin */","        local.assetsDict['/assets.npmtest_stomp_client.rollup.js'] =","            local.assetsDict['/assets.npmtest_stomp_client.rollup.js'] ||","            local.fs.readFileSync(","                local.npmtest_stomp_client.__dirname + '/lib.npmtest_stomp_client.js',","                'utf8'","            ).replace((/^#!/), '//');","        /* jslint-ignore-end */","        local.assetsDict['/favicon.ico'] = local.assetsDict['/favicon.ico'] || '';","        // if $npm_config_timeout_exit exists,","        // then exit this process after $npm_config_timeout_exit ms","        if (Number(process.env.npm_config_timeout_exit)) {","            setTimeout(process.exit, Number(process.env.npm_config_timeout_exit));","        }","        // start server","        if (local.global.utility2_serverHttp1) {","            break;","        }","        process.env.PORT = process.env.PORT || '8081';","        console.error('server starting on port ' + process.env.PORT);","        local.http.createServer(function (request, response) {","            request.urlParsed = local.url.parse(request.url);","            if (local.assetsDict[request.urlParsed.pathname] !== undefined) {","                response.end(local.assetsDict[request.urlParsed.pathname]);","                return;","            }","            response.statusCode = 404;","            response.end();","        }).listen(process.env.PORT);","        break;","    }","}());",""],"l":{"26":2,"28":2,"33":2,"35":2,"37":2,"38":2,"39":2,"44":1,"51":2,"55":2,"59":2,"61":2,"69":1,"70":2,"76":2,"79":2,"82":2,"83":2,"85":1,"89":2,"92":1,"93":1,"94":1,"96":1,"97":1,"100":1,"101":1,"103":1,"106":1,"108":2,"114":1,"116":1,"118":1,"123":1,"124":2,"125":2,"126":3,"127":3,"128":3,"129":3,"130":1,"133":3,"134":3,"139":3,"143":1,"144":3,"145":1,"149":1,"150":1,"158":1,"160":1,"161":1,"162":1,"164":1,"166":1,"258":1,"259":1,"271":1,"274":6,"275":6,"277":1,"279":2,"281":1,"283":2,"288":1,"289":1,"291":1,"296":1,"303":1,"306":1,"307":1,"310":1,"311":1,"313":1,"314":1,"315":1,"316":1,"317":1,"318":1,"319":1,"321":1,"322":1,"324":1}},"/home/travis/build/npmtest/node-npmtest-stomp-client/node_modules/stomp-client/lib/client.js":{"path":"/home/travis/build/npmtest/node-npmtest-stomp-client/node_modules/stomp-client/lib/client.js","s":{"1":1,"2":1,"3":1,"4":1,"5":1,"6":1,"7":1,"8":1,"9":0,"10":0,"11":0,"12":0,"13":0,"14":0,"15":0,"16":1,"17":1,"18":0,"19":0,"20":0,"21":0,"22":0,"23":0,"24":0,"25":0,"26":0,"27":0,"28":0,"29":0,"30":0,"31":0,"32":0,"33":0,"34":0,"35":0,"36":0,"37":0,"38":0,"39":0,"40":0,"41":0,"42":0,"43":0,"44":0,"45":0,"46":0,"47":0,"48":0,"49":0,"50":0,"51":0,"52":0,"53":0,"54":0,"55":1,"56":1,"57":0,"58":0,"59":0,"60":0,"61":0,"62":0,"63":0,"64":0,"65":0,"66":0,"67":0,"68":0,"69":0,"70":0,"71":0,"72":0,"73":0,"74":0,"75":0,"76":0,"77":0,"78":0,"79":0,"80":0,"81":0,"82":0,"83":1,"84":0,"85":0,"86":0,"87":0,"88":0,"89":0,"90":0,"91":0,"92":0,"93":1,"94":0,"95":0,"96":0,"97":0,"98":0,"99":0,"100":0,"101":0,"102":0,"103":0,"104":0,"105":0,"106":0,"107":0,"108":0,"109":0,"110":0,"111":0,"112":0,"113":0,"114":0,"115":0,"116":0,"117":0,"118":0,"119":0,"120":0,"121":0,"122":0,"123":0,"124":0,"125":0,"126":0,"127":0,"128":0,"129":1,"130":0,"131":0,"132":0,"133":0,"134":0,"135":0,"136":0,"137":0,"138":0,"139":0,"140":0,"141":0,"142":0,"143":0,"144":0,"145":1,"146":0,"147":0,"148":0,"149":0,"150":0,"151":1,"152":0,"153":0,"154":0,"155":0,"156":1,"157":0,"158":0,"159":0,"160":0,"161":1,"162":0,"163":0,"164":1,"165":0,"166":0,"167":1,"168":0,"169":1,"170":1,"171":1},"b":{"1":[0,0],"2":[0,0],"3":[0,0],"4":[0,0],"5":[0,0],"6":[0,0],"7":[0,0],"8":[0,0],"9":[0,0],"10":[0,0],"11":[0,0],"12":[0,0],"13":[0,0],"14":[0,0],"15":[0,0],"16":[0,0],"17":[0,0],"18":[0,0],"19":[0,0],"20":[0,0],"21":[0,0],"22":[0,0],"23":[0,0],"24":[0,0],"25":[0,0],"26":[0,0],"27":[0,0],"28":[0,0],"29":[0,0],"30":[0,0],"31":[0,0],"32":[0,0],"33":[0,0],"34":[0,0],"35":[0,0]},"f":{"1":0,"2":0,"3":0,"4":0,"5":0,"6":0,"7":0,"8":0,"9":0,"10":0,"11":0,"12":0,"13":0,"14":0,"15":0,"16":0,"17":0,"18":0,"19":0,"20":0,"21":0,"22":0,"23":0,"24":0},"fnMap":{"1":{"name":"_extend","line":11,"loc":{"start":{"line":11,"column":0},"end":{"line":11,"column":30}}},"2":{"name":"StompClient","line":53,"loc":{"start":{"line":53,"column":0},"end":{"line":53,"column":27}}},"3":{"name":"(anonymous_3)","line":104,"loc":{"start":{"line":104,"column":32},"end":{"line":104,"column":76}}},"4":{"name":"(anonymous_4)","line":127,"loc":{"start":{"line":127,"column":26},"end":{"line":127,"column":40}}},"5":{"name":"(anonymous_5)","line":128,"loc":{"start":{"line":128,"column":21},"end":{"line":128,"column":32}}},"6":{"name":"(anonymous_6)","line":137,"loc":{"start":{"line":137,"column":40},"end":{"line":137,"column":51}}},"7":{"name":"(anonymous_7)","line":156,"loc":{"start":{"line":156,"column":35},"end":{"line":156,"column":55}}},"8":{"name":"(anonymous_8)","line":166,"loc":{"start":{"line":166,"column":43},"end":{"line":166,"column":54}}},"9":{"name":"(anonymous_9)","line":172,"loc":{"start":{"line":172,"column":21},"end":{"line":172,"column":32}}},"10":{"name":"(anonymous_10)","line":180,"loc":{"start":{"line":180,"column":34},"end":{"line":180,"column":45}}},"11":{"name":"(anonymous_11)","line":187,"loc":{"start":{"line":187,"column":25},"end":{"line":187,"column":40}}},"12":{"name":"(anonymous_12)","line":191,"loc":{"start":{"line":191,"column":24},"end":{"line":191,"column":35}}},"13":{"name":"(anonymous_13)","line":199,"loc":{"start":{"line":199,"column":29},"end":{"line":199,"column":45}}},"14":{"name":"(anonymous_14)","line":205,"loc":{"start":{"line":205,"column":31},"end":{"line":205,"column":50}}},"15":{"name":"(anonymous_15)","line":212,"loc":{"start":{"line":212,"column":31},"end":{"line":212,"column":47}}},"16":{"name":"(anonymous_16)","line":222,"loc":{"start":{"line":222,"column":27},"end":{"line":222,"column":43}}},"17":{"name":"(anonymous_17)","line":229,"loc":{"start":{"line":229,"column":32},"end":{"line":229,"column":46}}},"18":{"name":"(anonymous_18)","line":263,"loc":{"start":{"line":263,"column":34},"end":{"line":263,"column":71}}},"19":{"name":"(anonymous_19)","line":296,"loc":{"start":{"line":296,"column":36},"end":{"line":296,"column":62}}},"20":{"name":"(anonymous_20)","line":307,"loc":{"start":{"line":307,"column":32},"end":{"line":307,"column":66}}},"21":{"name":"sendAckNack","line":318,"loc":{"start":{"line":318,"column":0},"end":{"line":318,"column":68}}},"22":{"name":"(anonymous_22)","line":332,"loc":{"start":{"line":332,"column":28},"end":{"line":332,"column":75}}},"23":{"name":"(anonymous_23)","line":337,"loc":{"start":{"line":337,"column":29},"end":{"line":337,"column":76}}},"24":{"name":"(anonymous_24)","line":343,"loc":{"start":{"line":343,"column":7},"end":{"line":343,"column":17}}}},"statementMap":{"1":{"start":{"line":1,"column":0},"end":{"line":1,"column":31}},"2":{"start":{"line":2,"column":0},"end":{"line":2,"column":25}},"3":{"start":{"line":3,"column":0},"end":{"line":3,"column":25}},"4":{"start":{"line":4,"column":0},"end":{"line":4,"column":27}},"5":{"start":{"line":5,"column":0},"end":{"line":5,"column":31}},"6":{"start":{"line":6,"column":0},"end":{"line":6,"column":47}},"7":{"start":{"line":7,"column":0},"end":{"line":7,"column":62}},"8":{"start":{"line":11,"column":0},"end":{"line":21,"column":1}},"9":{"start":{"line":13,"column":2},"end":{"line":13,"column":53}},"10":{"start":{"line":13,"column":39},"end":{"line":13,"column":53}},"11":{"start":{"line":15,"column":2},"end":{"line":15,"column":30}},"12":{"start":{"line":16,"column":2},"end":{"line":16,"column":22}},"13":{"start":{"line":17,"column":2},"end":{"line":19,"column":3}},"14":{"start":{"line":18,"column":4},"end":{"line":18,"column":35}},"15":{"start":{"line":20,"column":2},"end":{"line":20,"column":16}},"16":{"start":{"line":24,"column":0},"end":{"line":51,"column":2}},"17":{"start":{"line":53,"column":0},"end":{"line":100,"column":1}},"18":{"start":{"line":55,"column":2},"end":{"line":55,"column":80}},"19":{"start":{"line":57,"column":2},"end":{"line":83,"column":3}},"20":{"start":{"line":58,"column":4},"end":{"line":58,"column":19}},"21":{"start":{"line":59,"column":4},"end":{"line":59,"column":24}},"22":{"start":{"line":60,"column":4},"end":{"line":60,"column":24}},"23":{"start":{"line":61,"column":4},"end":{"line":61,"column":24}},"24":{"start":{"line":62,"column":4},"end":{"line":62,"column":35}},"25":{"start":{"line":63,"column":4},"end":{"line":63,"column":25}},"26":{"start":{"line":64,"column":4},"end":{"line":64,"column":33}},"27":{"start":{"line":65,"column":4},"end":{"line":65,"column":27}},"28":{"start":{"line":66,"column":4},"end":{"line":68,"column":5}},"29":{"start":{"line":67,"column":6},"end":{"line":67,"column":19}},"30":{"start":{"line":71,"column":4},"end":{"line":71,"column":40}},"31":{"start":{"line":72,"column":4},"end":{"line":72,"column":21}},"32":{"start":{"line":73,"column":4},"end":{"line":73,"column":21}},"33":{"start":{"line":74,"column":4},"end":{"line":74,"column":21}},"34":{"start":{"line":75,"column":4},"end":{"line":75,"column":43}},"35":{"start":{"line":76,"column":4},"end":{"line":76,"column":23}},"36":{"start":{"line":77,"column":4},"end":{"line":77,"column":39}},"37":{"start":{"line":78,"column":4},"end":{"line":78,"column":23}},"38":{"start":{"line":80,"column":4},"end":{"line":82,"column":5}},"39":{"start":{"line":81,"column":6},"end":{"line":81,"column":21}},"40":{"start":{"line":85,"column":2},"end":{"line":85,"column":33}},"41":{"start":{"line":86,"column":2},"end":{"line":86,"column":27}},"42":{"start":{"line":87,"column":2},"end":{"line":87,"column":27}},"43":{"start":{"line":88,"column":2},"end":{"line":88,"column":42}},"44":{"start":{"line":89,"column":2},"end":{"line":89,"column":30}},"45":{"start":{"line":90,"column":2},"end":{"line":90,"column":44}},"46":{"start":{"line":91,"column":2},"end":{"line":91,"column":26}},"47":{"start":{"line":92,"column":2},"end":{"line":92,"column":94}},"48":{"start":{"line":93,"column":2},"end":{"line":93,"column":84}},"49":{"start":{"line":94,"column":2},"end":{"line":94,"column":29}},"50":{"start":{"line":95,"column":2},"end":{"line":95,"column":43}},"51":{"start":{"line":96,"column":2},"end":{"line":96,"column":21}},"52":{"start":{"line":97,"column":2},"end":{"line":97,"column":24}},"53":{"start":{"line":98,"column":2},"end":{"line":98,"column":46}},"54":{"start":{"line":99,"column":2},"end":{"line":99,"column":14}},"55":{"start":{"line":102,"column":0},"end":{"line":102,"column":48}},"56":{"start":{"line":104,"column":0},"end":{"line":154,"column":2}},"57":{"start":{"line":105,"column":2},"end":{"line":105,"column":18}},"58":{"start":{"line":108,"column":2},"end":{"line":108,"column":34}},"59":{"start":{"line":110,"column":2},"end":{"line":112,"column":3}},"60":{"start":{"line":111,"column":4},"end":{"line":111,"column":36}},"61":{"start":{"line":114,"column":2},"end":{"line":114,"column":19}},"62":{"start":{"line":116,"column":2},"end":{"line":123,"column":3}},"63":{"start":{"line":117,"column":4},"end":{"line":117,"column":65}},"64":{"start":{"line":118,"column":4},"end":{"line":118,"column":35}},"65":{"start":{"line":121,"column":4},"end":{"line":121,"column":64}},"66":{"start":{"line":122,"column":4},"end":{"line":122,"column":29}},"67":{"start":{"line":125,"column":2},"end":{"line":125,"column":58}},"68":{"start":{"line":127,"column":2},"end":{"line":147,"column":5}},"69":{"start":{"line":128,"column":4},"end":{"line":131,"column":7}},"70":{"start":{"line":130,"column":6},"end":{"line":130,"column":51}},"71":{"start":{"line":132,"column":4},"end":{"line":146,"column":5}},"72":{"start":{"line":133,"column":6},"end":{"line":136,"column":7}},"73":{"start":{"line":135,"column":8},"end":{"line":135,"column":34}},"74":{"start":{"line":137,"column":6},"end":{"line":139,"column":56}},"75":{"start":{"line":138,"column":8},"end":{"line":138,"column":23}},"76":{"start":{"line":141,"column":6},"end":{"line":144,"column":7}},"77":{"start":{"line":142,"column":8},"end":{"line":142,"column":55}},"78":{"start":{"line":143,"column":8},"end":{"line":143,"column":38}},"79":{"start":{"line":145,"column":6},"end":{"line":145,"column":30}},"80":{"start":{"line":149,"column":2},"end":{"line":151,"column":3}},"81":{"start":{"line":150,"column":4},"end":{"line":150,"column":42}},"82":{"start":{"line":153,"column":2},"end":{"line":153,"column":14}},"83":{"start":{"line":156,"column":0},"end":{"line":178,"column":2}},"84":{"start":{"line":157,"column":2},"end":{"line":157,"column":18}},"85":{"start":{"line":160,"column":2},"end":{"line":162,"column":3}},"86":{"start":{"line":161,"column":4},"end":{"line":161,"column":39}},"87":{"start":{"line":164,"column":2},"end":{"line":175,"column":3}},"88":{"start":{"line":166,"column":4},"end":{"line":166,"column":57}},"89":{"start":{"line":168,"column":4},"end":{"line":170,"column":25}},"90":{"start":{"line":172,"column":4},"end":{"line":174,"column":7}},"91":{"start":{"line":173,"column":6},"end":{"line":173,"column":24}},"92":{"start":{"line":177,"column":2},"end":{"line":177,"column":14}},"93":{"start":{"line":180,"column":0},"end":{"line":261,"column":2}},"94":{"start":{"line":182,"column":2},"end":{"line":182,"column":18}},"95":{"start":{"line":185,"column":2},"end":{"line":185,"column":45}},"96":{"start":{"line":187,"column":2},"end":{"line":189,"column":5}},"97":{"start":{"line":188,"column":4},"end":{"line":188,"column":34}},"98":{"start":{"line":191,"column":2},"end":{"line":197,"column":5}},"99":{"start":{"line":192,"column":4},"end":{"line":196,"column":5}},"100":{"start":{"line":193,"column":6},"end":{"line":193,"column":33}},"101":{"start":{"line":195,"column":6},"end":{"line":195,"column":67}},"102":{"start":{"line":199,"column":2},"end":{"line":210,"column":5}},"103":{"start":{"line":200,"column":4},"end":{"line":200,"column":67}},"104":{"start":{"line":204,"column":4},"end":{"line":208,"column":5}},"105":{"start":{"line":205,"column":6},"end":{"line":207,"column":9}},"106":{"start":{"line":206,"column":8},"end":{"line":206,"column":44}},"107":{"start":{"line":209,"column":4},"end":{"line":209,"column":52}},"108":{"start":{"line":212,"column":2},"end":{"line":220,"column":5}},"109":{"start":{"line":213,"column":4},"end":{"line":219,"column":5}},"110":{"start":{"line":215,"column":6},"end":{"line":215,"column":71}},"111":{"start":{"line":216,"column":6},"end":{"line":216,"column":28}},"112":{"start":{"line":218,"column":6},"end":{"line":218,"column":50}},"113":{"start":{"line":222,"column":2},"end":{"line":227,"column":5}},"114":{"start":{"line":223,"column":4},"end":{"line":223,"column":46}},"115":{"start":{"line":225,"column":4},"end":{"line":225,"column":31}},"116":{"start":{"line":226,"column":4},"end":{"line":226,"column":39}},"117":{"start":{"line":229,"column":2},"end":{"line":238,"column":5}},"118":{"start":{"line":232,"column":4},"end":{"line":232,"column":36}},"119":{"start":{"line":233,"column":4},"end":{"line":235,"column":5}},"120":{"start":{"line":234,"column":6},"end":{"line":234,"column":31}},"121":{"start":{"line":236,"column":4},"end":{"line":236,"column":27}},"122":{"start":{"line":237,"column":4},"end":{"line":237,"column":26}},"123":{"start":{"line":241,"column":2},"end":{"line":244,"column":4}},"124":{"start":{"line":246,"column":2},"end":{"line":247,"column":30}},"125":{"start":{"line":247,"column":4},"end":{"line":247,"column":30}},"126":{"start":{"line":249,"column":2},"end":{"line":252,"column":23}},"127":{"start":{"line":255,"column":2},"end":{"line":260,"column":3}},"128":{"start":{"line":256,"column":4},"end":{"line":259,"column":25}},"129":{"start":{"line":263,"column":0},"end":{"line":292,"column":2}},"130":{"start":{"line":266,"column":2},"end":{"line":266,"column":15}},"131":{"start":{"line":267,"column":2},"end":{"line":270,"column":3}},"132":{"start":{"line":268,"column":4},"end":{"line":268,"column":24}},"133":{"start":{"line":269,"column":4},"end":{"line":269,"column":20}},"134":{"start":{"line":271,"column":2},"end":{"line":274,"column":3}},"135":{"start":{"line":272,"column":4},"end":{"line":272,"column":25}},"136":{"start":{"line":273,"column":4},"end":{"line":273,"column":21}},"137":{"start":{"line":276,"column":2},"end":{"line":276,"column":57}},"138":{"start":{"line":278,"column":2},"end":{"line":278,"column":51}},"139":{"start":{"line":279,"column":2},"end":{"line":279,"column":30}},"140":{"start":{"line":280,"column":2},"end":{"line":289,"column":3}},"141":{"start":{"line":281,"column":4},"end":{"line":284,"column":6}},"142":{"start":{"line":285,"column":4},"end":{"line":288,"column":25}},"143":{"start":{"line":290,"column":2},"end":{"line":290,"column":53}},"144":{"start":{"line":291,"column":2},"end":{"line":291,"column":14}},"145":{"start":{"line":296,"column":0},"end":{"line":305,"column":2}},"146":{"start":{"line":297,"column":2},"end":{"line":297,"column":33}},"147":{"start":{"line":298,"column":2},"end":{"line":298,"column":30}},"148":{"start":{"line":299,"column":2},"end":{"line":302,"column":23}},"149":{"start":{"line":303,"column":2},"end":{"line":303,"column":35}},"150":{"start":{"line":304,"column":2},"end":{"line":304,"column":14}},"151":{"start":{"line":307,"column":0},"end":{"line":316,"column":2}},"152":{"start":{"line":308,"column":2},"end":{"line":308,"column":33}},"153":{"start":{"line":309,"column":2},"end":{"line":309,"column":30}},"154":{"start":{"line":310,"column":2},"end":{"line":314,"column":23}},"155":{"start":{"line":315,"column":2},"end":{"line":315,"column":14}},"156":{"start":{"line":318,"column":0},"end":{"line":330,"column":1}},"157":{"start":{"line":319,"column":2},"end":{"line":322,"column":4}},"158":{"start":{"line":323,"column":2},"end":{"line":325,"column":3}},"159":{"start":{"line":324,"column":4},"end":{"line":324,"column":41}},"160":{"start":{"line":326,"column":2},"end":{"line":329,"column":23}},"161":{"start":{"line":332,"column":0},"end":{"line":335,"column":2}},"162":{"start":{"line":333,"column":2},"end":{"line":333,"column":70}},"163":{"start":{"line":334,"column":2},"end":{"line":334,"column":14}},"164":{"start":{"line":337,"column":0},"end":{"line":340,"column":2}},"165":{"start":{"line":338,"column":2},"end":{"line":338,"column":71}},"166":{"start":{"line":339,"column":2},"end":{"line":339,"column":14}},"167":{"start":{"line":342,"column":0},"end":{"line":346,"column":3}},"168":{"start":{"line":344,"column":4},"end":{"line":344,"column":47}},"169":{"start":{"line":348,"column":0},"end":{"line":348,"column":29}},"170":{"start":{"line":349,"column":0},"end":{"line":349,"column":41}},"171":{"start":{"line":351,"column":0},"end":{"line":353,"column":2}}},"branchMap":{"1":{"line":13,"type":"if","locations":[{"start":{"line":13,"column":2},"end":{"line":13,"column":2}},{"start":{"line":13,"column":2},"end":{"line":13,"column":2}}]},"2":{"line":13,"type":"binary-expr","locations":[{"start":{"line":13,"column":6},"end":{"line":13,"column":10}},{"start":{"line":13,"column":14},"end":{"line":13,"column":37}}]},"3":{"line":57,"type":"if","locations":[{"start":{"line":57,"column":2},"end":{"line":57,"column":2}},{"start":{"line":57,"column":2},"end":{"line":57,"column":2}}]},"4":{"line":57,"type":"binary-expr","locations":[{"start":{"line":57,"column":5},"end":{"line":57,"column":27}},{"start":{"line":57,"column":31},"end":{"line":57,"column":55}}]},"5":{"line":66,"type":"if","locations":[{"start":{"line":66,"column":4},"end":{"line":66,"column":4}},{"start":{"line":66,"column":4},"end":{"line":66,"column":4}}]},"6":{"line":71,"type":"binary-expr","locations":[{"start":{"line":71,"column":14},"end":{"line":71,"column":26}},{"start":{"line":71,"column":30},"end":{"line":71,"column":39}}]},"7":{"line":80,"type":"if","locations":[{"start":{"line":80,"column":4},"end":{"line":80,"column":4}},{"start":{"line":80,"column":4},"end":{"line":80,"column":4}}]},"8":{"line":86,"type":"binary-expr","locations":[{"start":{"line":86,"column":15},"end":{"line":86,"column":19}},{"start":{"line":86,"column":23},"end":{"line":86,"column":25}}]},"9":{"line":87,"type":"binary-expr","locations":[{"start":{"line":87,"column":15},"end":{"line":87,"column":19}},{"start":{"line":87,"column":23},"end":{"line":87,"column":25}}]},"10":{"line":88,"type":"binary-expr","locations":[{"start":{"line":88,"column":18},"end":{"line":88,"column":25}},{"start":{"line":88,"column":29},"end":{"line":88,"column":40}}]},"11":{"line":89,"type":"binary-expr","locations":[{"start":{"line":89,"column":15},"end":{"line":89,"column":19}},{"start":{"line":89,"column":23},"end":{"line":89,"column":28}}]},"12":{"line":90,"type":"binary-expr","locations":[{"start":{"line":90,"column":18},"end":{"line":90,"column":33}},{"start":{"line":90,"column":37},"end":{"line":90,"column":42}}]},"13":{"line":94,"type":"binary-expr","locations":[{"start":{"line":94,"column":15},"end":{"line":94,"column":20}},{"start":{"line":94,"column":24},"end":{"line":94,"column":28}}]},"14":{"line":95,"type":"binary-expr","locations":[{"start":{"line":95,"column":23},"end":{"line":95,"column":36}},{"start":{"line":95,"column":40},"end":{"line":95,"column":42}}]},"15":{"line":110,"type":"if","locations":[{"start":{"line":110,"column":2},"end":{"line":110,"column":2}},{"start":{"line":110,"column":2},"end":{"line":110,"column":2}}]},"16":{"line":116,"type":"if","locations":[{"start":{"line":116,"column":2},"end":{"line":116,"column":2}},{"start":{"line":116,"column":2},"end":{"line":116,"column":2}}]},"17":{"line":132,"type":"if","locations":[{"start":{"line":132,"column":4},"end":{"line":132,"column":4}},{"start":{"line":132,"column":4},"end":{"line":132,"column":4}}]},"18":{"line":133,"type":"if","locations":[{"start":{"line":133,"column":6},"end":{"line":133,"column":6}},{"start":{"line":133,"column":6},"end":{"line":133,"column":6}}]},"19":{"line":141,"type":"if","locations":[{"start":{"line":141,"column":6},"end":{"line":141,"column":6}},{"start":{"line":141,"column":6},"end":{"line":141,"column":6}}]},"20":{"line":149,"type":"if","locations":[{"start":{"line":149,"column":2},"end":{"line":149,"column":2}},{"start":{"line":149,"column":2},"end":{"line":149,"column":2}}]},"21":{"line":160,"type":"if","locations":[{"start":{"line":160,"column":2},"end":{"line":160,"column":2}},{"start":{"line":160,"column":2},"end":{"line":160,"column":2}}]},"22":{"line":164,"type":"if","locations":[{"start":{"line":164,"column":2},"end":{"line":164,"column":2}},{"start":{"line":164,"column":2},"end":{"line":164,"column":2}}]},"23":{"line":166,"type":"binary-expr","locations":[{"start":{"line":166,"column":31},"end":{"line":166,"column":39}},{"start":{"line":166,"column":43},"end":{"line":166,"column":56}}]},"24":{"line":192,"type":"if","locations":[{"start":{"line":192,"column":4},"end":{"line":192,"column":4}},{"start":{"line":192,"column":4},"end":{"line":192,"column":4}}]},"25":{"line":204,"type":"if","locations":[{"start":{"line":204,"column":4},"end":{"line":204,"column":4}},{"start":{"line":204,"column":4},"end":{"line":204,"column":4}}]},"26":{"line":213,"type":"if","locations":[{"start":{"line":213,"column":4},"end":{"line":213,"column":4}},{"start":{"line":213,"column":4},"end":{"line":213,"column":4}}]},"27":{"line":233,"type":"if","locations":[{"start":{"line":233,"column":4},"end":{"line":233,"column":4}},{"start":{"line":233,"column":4},"end":{"line":233,"column":4}}]},"28":{"line":246,"type":"if","locations":[{"start":{"line":246,"column":2},"end":{"line":246,"column":2}},{"start":{"line":246,"column":2},"end":{"line":246,"column":2}}]},"29":{"line":246,"type":"binary-expr","locations":[{"start":{"line":246,"column":5},"end":{"line":246,"column":15}},{"start":{"line":246,"column":19},"end":{"line":246,"column":41}}]},"30":{"line":267,"type":"if","locations":[{"start":{"line":267,"column":2},"end":{"line":267,"column":2}},{"start":{"line":267,"column":2},"end":{"line":267,"column":2}}]},"31":{"line":271,"type":"if","locations":[{"start":{"line":271,"column":2},"end":{"line":271,"column":2}},{"start":{"line":271,"column":2},"end":{"line":271,"column":2}}]},"32":{"line":278,"type":"binary-expr","locations":[{"start":{"line":278,"column":28},"end":{"line":278,"column":36}},{"start":{"line":278,"column":40},"end":{"line":278,"column":49}}]},"33":{"line":280,"type":"if","locations":[{"start":{"line":280,"column":2},"end":{"line":280,"column":2}},{"start":{"line":280,"column":2},"end":{"line":280,"column":2}}]},"34":{"line":323,"type":"if","locations":[{"start":{"line":323,"column":2},"end":{"line":323,"column":2}},{"start":{"line":323,"column":2},"end":{"line":323,"column":2}}]},"35":{"line":344,"type":"binary-expr","locations":[{"start":{"line":344,"column":11},"end":{"line":344,"column":22}},{"start":{"line":344,"column":26},"end":{"line":344,"column":46}}]}},"code":["var assert = require('assert');","var net = require('net');","var tls = require('tls');","var util = require('util');","var events = require('events');","var StompFrame = require('./frame').StompFrame;","var StompFrameEmitter = require('./parser').StompFrameEmitter;","","// Copied from modern node util._extend, because it didn't exist","// in node 0.4.","function _extend(origin, add) {","  // Don't do anything if add isn't an object","  if (!add || typeof add !== 'object') return origin;","","  var keys = Object.keys(add);","  var i = keys.length;","  while (i--) {","    origin[keys[i]] = add[keys[i]];","  }","  return origin;","};","","// Inbound frame validators","var StompFrameCommands = {","  '1.0': {","    'CONNECTED': {","      'headers': { 'session': { required: true } }","    },","    'MESSAGE' : {","      'headers': {","        'destination': { required: true },","        'message-id': { required: true }","      }","    },","    'ERROR': {},","    'RECEIPT': {}","  },","  '1.1': {","    'CONNECTED': {","      'headers': { 'session': { required: true } }","    },","    'MESSAGE' : {","      'headers': {","        'destination': { required: true },","        'message-id': { required: true }","      }","    },","    'ERROR': {},","    'RECEIPT': {}","  }","};","","function StompClient(opts) {","","  var address, port, user, pass, protocolVersion, vhost, reconnectOpts, tlsOpts;","","  if(arguments.length !== 1 || typeof opts === 'string') {","    address = opts;","    port = arguments[1];","    user = arguments[2];","    pass = arguments[3];","    protocolVersion = arguments[4];","    vhost = arguments[5];","    reconnectOpts = arguments[6];","    tlsOpts = arguments[7];","    if(tlsOpts === true) {","      tlsOpts = {};","    }","  }","  else {","    address = opts.address || opts.host;","    port = opts.port;","    user = opts.user;","    pass = opts.pass;","    protocolVersion = opts.protocolVersion;","    vhost = opts.vhost;","    reconnectOpts = opts.reconnectOpts;","    tlsOpts = opts.tls;","    // If boolean then TLS options are mixed in with other options","    if(tlsOpts === true) {","      tlsOpts = opts;","    }","  }","","  events.EventEmitter.call(this);","  this.user = (user || '');","  this.pass = (pass || '');","  this.address = (address || '127.0.0.1');","  this.port = (port || 61613);","  this.version = (protocolVersion || '1.0');","  this.subscriptions = {};","  assert(StompFrameCommands[this.version], 'STOMP version '+this.version+' is not supported');","  this._stompFrameEmitter = new StompFrameEmitter(StompFrameCommands[this.version]);","  this.vhost = vhost || null;","  this.reconnectOpts = reconnectOpts || {};","  this.tls = tlsOpts;","  this._retryNumber = 0;","  this._retryDelay = this.reconnectOpts.delay;","  return this;","}","","util.inherits(StompClient, events.EventEmitter);","","StompClient.prototype.connect = function (connectedCallback, errorCallback) {","  var self = this;","","  //reset this field.","  delete this._disconnectCallback;","","  if (errorCallback) {","    self.on('error', errorCallback);","  }","","  var connectEvent;","","  if(this.tls) {","    self.stream = tls.connect(self.port, self.address, this.tls);","    connectEvent = 'secureConnect';","  }","  else {","    self.stream = net.createConnection(self.port, self.address);","    connectEvent = 'connect';","  }","","  self.stream.on(connectEvent, self.onConnect.bind(this));","","  self.stream.on('error', function(err) {","    process.nextTick(function() {","      //clear all of the stomp frame emitter listeners - we don't need them, we've disconnected.","      self._stompFrameEmitter.removeAllListeners();","    });","    if (self._retryNumber < self.reconnectOpts.retries) {","      if (self._retryNumber === 0) {","        //we're disconnected, but we're going to try and reconnect.","        self.emit('reconnecting');","      }","      self._reconnectTimer = setTimeout(function() {","        self.connect();","      }, self._retryNumber++ * self.reconnectOpts.delay)","    } else {","      if (self._retryNumber === self.reconnectOpts.retries) {","        err.message += ' [reconnect attempts reached]';","        err.reconnectionFailed = true;","      }","      self.emit('error', err);","    }","  });","","  if (connectedCallback) {","    self.on('connect', connectedCallback);","  }","","  return this;","};","","StompClient.prototype.disconnect = function (callback) {","  var self = this;","","  //just a bit of housekeeping. Remove the no-longer-useful reconnect timer.","  if (self._reconnectTimer) {","    clearTimeout(self._reconnectTimer);","  }","","  if (this.stream) {","    //provide a default no-op function as the callback is optional","    this._disconnectCallback = callback || function() {};","","    var frame = new StompFrame({","      command: 'DISCONNECT'","    }).send(this.stream);","","    process.nextTick(function() {","      self.stream.end();","    });","  }","","  return this;","};","","StompClient.prototype.onConnect = function() {","","  var self = this;","","  // First set up the frame parser","  var frameEmitter = self._stompFrameEmitter;","","  self.stream.on('data', function(data) {","    frameEmitter.handleData(data);","  });","","  self.stream.on('end', function() {","    if (self._disconnectCallback) {","      self._disconnectCallback();","    } else {","      self.stream.emit('error', new Error('Server has gone away'));","    }","  });","","  frameEmitter.on('MESSAGE', function(frame) {","    var subscribed = self.subscriptions[frame.headers.destination];","    // .unsubscribe() deletes the subscribed callbacks from the subscriptions,","    // but until that UNSUBSCRIBE message is processed, we might still get","    // MESSAGE. Check to make sure we don't call .map() on null.","    if (subscribed) {","      subscribed.listeners.map(function(callback) {","        callback(frame.body, frame.headers);","      });","    }","    self.emit('message', frame.body, frame.headers);","  });","","  frameEmitter.on('CONNECTED', function(frame) {","    if (self._retryNumber > 0) {","      //handle a reconnection differently to the initial connection.","      self.emit('reconnect', frame.headers.session, self._retryNumber);","      self._retryNumber = 0;","    } else {","      self.emit('connect', frame.headers.session);","    }","  });","","  frameEmitter.on('ERROR', function(frame) {","    var er = new Error(frame.headers.message);","    // frame.headers used to be passed as er, so put the headers on er object","    _extend(er, frame.headers);","    self.emit('error', er, frame.body);","  });","","  frameEmitter.on('parseError', function(err) {","    // XXX(sam) err should be an Error object to more easily track the","    // point of error detection, but it isn't, so create one now.","    var er = new Error(err.message);","    if (err.details) {","      er.details = err.details;","    }","    self.emit('error', er);","    self.stream.destroy();","  });","","  // Send the CONNECT frame","  var headers = {","    'login': self.user,","    'passcode': self.pass","  };","","  if(this.vhost && this.version 
[...]
line":70,"loc":{"start":{"line":70,"column":25},"end":{"line":70,"column":48}}},"9":{"name":"(anonymous_9)","line":75,"loc":{"start":{"line":75,"column":42},"end":{"line":75,"column":67}}},"10":{"name":"(anonymous_10)","line":86,"loc":{"start":{"line":86,"column":49},"end":{"line":86,"column":72}}},"11":{"name":"StompStreamHandler","line":91,"loc":{"start":{"line":91,"column":0},"end":{"line":91,"column":50}}},"12":{"name":"(anonymous_12)","line":98,"loc":{"start":{"line":98,"column":20},"end":{"line":98,"column":35}}},"13":{"name":"(anonymous_13)","line":102,"loc":{"start":{"line":102,"column":19},"end":{"line":102,"column":30}}},"14":{"name":"(anonymous_14)","line":103,"loc":{"start":{"line":103,"column":22},"end":{"line":103,"column":38}}},"15":{"name":"(anonymous_15)","line":109,"loc":{"start":{"line":109,"column":27},"end":{"line":109,"column":43}}},"16":{"name":"(anonymous_16)","line":178,"loc":{"start":{"line":178,"column":26},"end":{"line":178,"column":42}}},"17":{"name":"(anonymous_17)","line":189,"loc":{"start":{"line":189,"column":27},"end":{"line":189,"column":41}}},"18":{"name":"StompServer","line":200,"loc":{"start":{"line":200,"column":0},"end":{"line":200,"column":27}}},"19":{"name":"(anonymous_19)","line":203,"loc":{"start":{"line":203,"column":33},"end":{"line":203,"column":50}}},"20":{"name":"(anonymous_20)","line":204,"loc":{"start":{"line":204,"column":25},"end":{"line":204,"column":36}}},"21":{"name":"SecureStompServer","line":211,"loc":{"start":{"line":211,"column":0},"end":{"line":211,"column":46}}},"22":{"name":"(anonymous_22)","line":215,"loc":{"start":{"line":215,"column":33},"end":{"line":215,"column":50}}},"23":{"name":"(anonymous_23)","line":216,"loc":{"start":{"line":216,"column":25},"end":{"line":216,"column":36}}},"24":{"name":"(anonymous_24)","line":220,"loc":{"start":{"line":220,"column":24},"end":{"line":220,"column":35}}},"25":{"name":"(anonymous_25)","line":228,"loc":{"start":{"line":228,"column":31},"end":{"line":228,"column":42}}},"26":{"name":"(anonymous_26)","line":232,"loc":{"start":{"line":232,"column":29},"end":{"line":232,"column":44}}},"27":{"name":"(anonymous_27)","line":237,"loc":{"start":{"line":237,"column":28},"end":{"line":237,"column":43}}}},"statementMap":{"1":{"start":{"line":1,"column":0},"end":{"line":1,"column":25}},"2":{"start":{"line":2,"column":0},"end":{"line":2,"column":23}},"3":{"start":{"line":3,"column":0},"end":{"line":3,"column":27}},"4":{"start":{"line":4,"column":0},"end":{"line":4,"column":31}},"5":{"start":{"line":5,"column":0},"end":{"line":5,"column":47}},"6":{"start":{"line":6,"column":0},"end":{"line":6,"column":62}},"7":{"start":{"line":19,"column":0},"end":{"line":19,"column":123}},"8":{"start":{"line":21,"column":0},"end":{"line":25,"column":1}},"9":{"start":{"line":22,"column":2},"end":{"line":22,"column":17}},"10":{"start":{"line":23,"column":2},"end":{"line":23,"column":25}},"11":{"start":{"line":24,"column":2},"end":{"line":24,"column":23}},"12":{"start":{"line":27,"column":0},"end":{"line":29,"column":2}},"13":{"start":{"line":28,"column":2},"end":{"line":28,"column":31}},"14":{"start":{"line":31,"column":0},"end":{"line":35,"column":1}},"15":{"start":{"line":32,"column":2},"end":{"line":32,"column":19}},"16":{"start":{"line":33,"column":2},"end":{"line":33,"column":17}},"17":{"start":{"line":34,"column":2},"end":{"line":34,"column":21}},"18":{"start":{"line":37,"column":0},"end":{"line":39,"column":2}},"19":{"start":{"line":38,"column":2},"end":{"line":38,"column":22}},"20":{"start":{"line":41,"column":0},"end":{"line":43,"column":2}},"21":{"start":{"line":42,"column":2},"end":{"line":42,"column":26}},"22":{"start":{"line":45,"column":0},"end":{"line":50,"column":2}},"23":{"start":{"line":46,"column":2},"end":{"line":48,"column":3}},"24":{"start":{"line":47,"column":4},"end":{"line":47,"column":28}},"25":{"start":{"line":49,"column":2},"end":{"line":49,"column":71}},"26":{"start":{"line":52,"column":0},"end":{"line":73,"column":2}},"27":{"start":{"line":53,"column":2},"end":{"line":61,"column":3}},"28":{"start":{"line":54,"column":4},"end":{"line":60,"column":7}},"29":{"start":{"line":62,"column":2},"end":{"line":69,"column":5}},"30":{"start":{"line":70,"column":2},"end":{"line":72,"column":5}},"31":{"start":{"line":71,"column":4},"end":{"line":71,"column":31}},"32":{"start":{"line":75,"column":0},"end":{"line":89,"column":2}},"33":{"start":{"line":76,"column":2},"end":{"line":84,"column":3}},"34":{"start":{"line":77,"column":4},"end":{"line":83,"column":7}},"35":{"start":{"line":86,"column":2},"end":{"line":88,"column":5}},"36":{"start":{"line":87,"column":4},"end":{"line":87,"column":45}},"37":{"start":{"line":91,"column":0},"end":{"line":198,"column":1}},"38":{"start":{"line":92,"column":2},"end":{"line":92,"column":64}},"39":{"start":{"line":93,"column":2},"end":{"line":93,"column":28}},"40":{"start":{"line":94,"column":2},"end":{"line":94,"column":21}},"41":{"start":{"line":95,"column":2},"end":{"line":95,"column":25}},"42":{"start":{"line":96,"column":2},"end":{"line":96,"column":24}},"43":{"start":{"line":98,"column":2},"end":{"line":100,"column":5}},"44":{"start":{"line":99,"column":4},"end":{"line":99,"column":34}},"45":{"start":{"line":102,"column":2},"end":{"line":107,"column":5}},"46":{"start":{"line":103,"column":4},"end":{"line":105,"column":7}},"47":{"start":{"line":104,"column":6},"end":{"line":104,"column":49}},"48":{"start":{"line":106,"column":4},"end":{"line":106,"column":17}},"49":{"start":{"line":109,"column":2},"end":{"line":187,"column":5}},"50":{"start":{"line":110,"column":4},"end":{"line":119,"column":5}},"51":{"start":{"line":111,"column":6},"end":{"line":117,"column":22}},"52":{"start":{"line":118,"column":6},"end":{"line":118,"column":13}},"53":{"start":{"line":120,"column":4},"end":{"line":127,"column":5}},"54":{"start":{"line":121,"column":6},"end":{"line":126,"column":22}},"55":{"start":{"line":128,"column":4},"end":{"line":186,"column":5}},"56":{"start":{"line":129,"column":6},"end":{"line":183,"column":7}},"57":{"start":{"line":132,"column":8},"end":{"line":132,"column":29}},"58":{"start":{"line":133,"column":8},"end":{"line":133,"column":53}},"59":{"start":{"line":134,"column":8},"end":{"line":139,"column":24}},"60":{"start":{"line":140,"column":8},"end":{"line":140,"column":14}},"61":{"start":{"line":143,"column":8},"end":{"line":143,"column":106}},"62":{"start":{"line":144,"column":8},"end":{"line":144,"column":54}},"63":{"start":{"line":145,"column":8},"end":{"line":145,"column":14}},"64":{"start":{"line":148,"column":8},"end":{"line":148,"column":71}},"65":{"start":{"line":149,"column":8},"end":{"line":149,"column":14}},"66":{"start":{"line":152,"column":8},"end":{"line":152,"column":68}},"67":{"start":{"line":153,"column":8},"end":{"line":153,"column":14}},"68":{"start":{"line":156,"column":8},"end":{"line":164,"column":9}},"69":{"start":{"line":157,"column":10},"end":{"line":163,"column":13}},"70":{"start":{"line":165,"column":8},"end":{"line":165,"column":53}},"71":{"start":{"line":166,"column":8},"end":{"line":166,"column":14}},"72":{"start":{"line":170,"column":8},"end":{"line":170,"column":55}},"73":{"start":{"line":171,"column":8},"end":{"line":171,"column":14}},"74":{"start":{"line":174,"column":8},"end":{"line":174,"column":55}},"75":{"start":{"line":175,"column":8},"end":{"line":175,"column":14}},"76":{"start":{"line":178,"column":8},"end":{"line":180,"column":11}},"77":{"start":{"line":179,"column":10},"end":{"line":179,"column":53}},"78":{"start":{"line":181,"column":8},"end":{"line":181,"column":21}},"79":{"start":{"line":182,"column":8},"end":{"line":182,"column":14}},"80":{"start":{"line":185,"column":6},"end":{"line":185,"column":21}},"81":{"start":{"line":189,"column":2},"end":{"line":197,"column":5}},"82":{"start":{"line":190,"column":4},"end":{"line":190,"column":36}},"83":{"start":{"line":191,"column":4},"end":{"line":191,"column":33}},"84":{"start":{"line":192,"column":4},"end":{"line":192,"column":50}},"85":{"start":{"line":193,"column":4},"end":{"line":195,"column":5}},"86":{"start":{"line":194,"column":6},"end":{"line":194,"column":44}},"87":{"start":{"line":196,"column":4},"end":{"line":196,"column":26}},"88":{"start":{"line":200,"column":0},"end":{"line":209,"column":1}},"89":{"start":{"line":201,"column":2},"end":{"line":201,"column":19}},"90":{"start":{"line":202,"column":2},"end":{"line":202,"column":45}},"91":{"start":{"line":203,"column":2},"end":{"line":208,"column":5}},"92":{"start":{"line":204,"column":4},"end":{"line":207,"column":7}},"93":{"start":{"line":205,"column":6},"end":{"line":205,"column":51}},"94":{"start":{"line":206,"column":6},"end":{"line":206,"column":51}},"95":{"start":{"line":211,"column":0},"end":{"line":224,"column":1}},"96":{"start":{"line":212,"column":2},"end":{"line":212,"column":25}},"97":{"start":{"line":213,"column":2},"end":{"line":213,"column":45}},"98":{"start":{"line":214,"column":2},"end":{"line":214,"column":19}},"99":{"start":{"line":215,"column":2},"end":{"line":223,"column":5}},"100":{"start":{"line":216,"column":4},"end":{"line":219,"column":7}},"101":{"start":{"line":217,"column":6},"end":{"line":217,"column":51}},"102":{"start":{"line":218,"column":6},"end":{"line":218,"column":36}},"103":{"start":{"line":220,"column":4},"end":{"line":222,"column":7}},"104":{"start":{"line":221,"column":6},"end":{"line":221,"column":51}},"105":{"start":{"line":226,"column":0},"end":{"line":226,"column":46}},"106":{"start":{"line":228,"column":0},"end":{"line":230,"column":2}},"107":{"start":{"line":229,"column":2},"end":{"line":229,"column":45}},"108":{"start":{"line":232,"column":0},"end":{"line":234,"column":2}},"109":{"start":{"line":233,"column":2},"end":{"line":233,"column":22}},"110":{"start":{"line":237,"column":0},"end":{"line":239,"column":2}},"111":{"start":{"line":238,"column":2},"end":{"line":238,"column":31}}},"branchMap":{"1":{"line":46,"type":"if","locations":[{"start":{"line":46,"column":2},"end":{"line":46,"column":2}},{"start":{"line":46,"column":2},"end":{"line":46,"column":2}}]},"2":{"line":53,"type":"if","locations":[{"start":{"line":53,"column":2},"end":{"line":53,"column":2}},{"start":{"line":53,"column":2},"end":{"line":53,"column":2}}]},"3":{"line":76,"type":"if","locations":[{"start":{"line":76,"column":2},"end":{"line":76,"column":2}},{"start":{"line":76,"column":2},"end":{"line":76,"column":2}}]},"4":{"line":110,"type":"if","locations":[{"start":{"line":110,"column":4},"end":{"line":110,"column":4}},{"start":{"line":110,"column":4},"end":{"line":110,"column":4}}]},"5":{"line":110,"type":"binary-expr","locations":[{"start":{"line":110,"column":8},"end":{"line":110,"column":22}},{"start":{"line":110,"column":26},"end":{"line":110,"column":52}}]},"6":{"line":120,"type":"if","locations":[{"start":{"line":120,"column":4},"end":{"line":120,"column":4}},{"start":{"line":120,"column":4},"end":{"line":120,"column":4}}]},"7":{"line":120,"type":"binary-expr","locations":[{"start":{"line":120,"column":8},"end":{"line":120,"column":34}},{"start":{"line":120,"column":38},"end":{"line":120,"column":64}}]},"8":{"line":129,"type":"switch","locations":[{"start":{"line":130,"column":6},"end":{"line":140,"column":14}},{"start":{"line":142,"column":6},"end":{"line":145,"column":14}},{"start":{"line":147,"column":6},"end":{"line":149,"column":14}},{"start":{"line":151,"column":6},"end":{"line":153,"column":14}},{"start":{"line":155,"column":6},"end":{"line":166,"column":14}},{"start":{"line":168,"column":6},"end":{"line":171,"column":14}},{"start":{"line":173,"column":6},"end":{"line":175,"column":14}},{"start":{"line":177,"column":6},"end":{"line":182,"column":14}}]},"9":{"line":143,"type":"binary-expr","locations":[{"start":{"line":143,"column":77},"end":{"line":143,"column":94}},{"start":{"line":143,"column":98},"end":{"line":143,"column":104}}]},"10":{"line":156,"type":"if","locations":[{"start":{"line":156,"column":8},"end":{"line":156,"column":8}},{"start":{"line":156,"column":8},"end":{"line":156,"column":8}}]},"11":{"line":193,"type":"if","locations":[{"start":{"line":193,"column":4},"end":{"line":193,"column":4}},{"start":{"line":193,"column":4},"end":{"line":193,"column":4}}]}},"code":["var net = require('net');","var fs = require('fs');","var util = require('util');","var crypto = require('crypto');","var StompFrame = require('./frame').StompFrame;","var StompFrameEmitter = require('./parser').StompFrameEmitter;","","//var privateKey = fs.readFileSync('CA/newkeyopen.pem', 'ascii');","//var certificate = fs.readFileSync('CA/newcert.pem', 'ascii');","//var certificateAuthority = fs.readFileSync('CA/demoCA/private/cakey.pem', 'ascii');","/*","var credentials = crypto.createCredentials({","    key: privateKey,","    cert: certificate,","    ca: certificateAuthority,","});","*/","","var StompClientCommands = ['CONNECT', 'SEND', 'SUBSCRIBE', 'UNSUBSCRIBE', 'BEGIN', 'COMMIT', 'ACK', 'ABORT', 'DISCONNECT'];","","function StompSubscription(stream, session, ack) {","  this.ack = ack;","  this.session = session;","  this.stream = stream;","}","","StompSubscription.prototype.send = function(stompFrame) {","  stompFrame.send(this.stream);","};","","function StompQueueManager() {","  this.queues = {};","  this.msgId = 0;","  this.sessionId = 0;","}","","StompQueueManager.prototype.generateMessageId = function() {","  return this.msgId++;","};","","StompQueueManager.prototype.generateSessionId = function() {","  return this.sessionId++;","};","","StompQueueManager.prototype.subscribe = function(queue, stream, session, ack) {","  if (!(queue in this.queues)) {","    this.queues[queue] = [];","  }","  this.queues[queue].push(new StompSubscription(stream, session, ack));","};","","StompQueueManager.prototype.publish = function(queue, message) {","  if (!(queue in this.queues)) {","    throw new StompFrame({","      command: 'ERROR',","      headers: {","        message: 'Queue does not exist'","      },","      body: 'Queue \"' + frame.headers.destination + '\" does not exist'","    });","  }","  var message = new StompFrame({","    command: 'MESSAGE',","    headers: {","      'destination': queue,","      'message-id': this.generateMessageId(),","    },","    body: message,","  });","  this.queues[queue].map(function(subscription) {","    subscription.send(message);","  });","};","","StompQueueManager.prototype.unsubscribe = function(queue, session) {","  if (!(queue in this.queues)) {","    throw new StompFrame({","      command: 'ERROR',","      headers: {","        message: 'Queue does not exist'","      },","      body: 'Queue \"' + frame.headers.destination + '\" does not exist'","    });","  }","  // TODO: Profile this","  this.queues[queue] = this.queues[queue].filter(function(subscription) {","    return (subscription.session != session);","  });","};","","function StompStreamHandler(stream, queueManager) {","  var frameEmitter = new StompFrameEmitter(StompClientCommands);","  var authenticated = false;","  var sessionId = -1;","  var subscriptions = [];","  var transactions = {};","","  stream.on('data', function(data) {","    frameEmitter.handleData(data);","  });","","  stream.on('end', function() {","    subscriptions.map(function(queue) {","      queueManager.unsubscribe(queue, sessionId);","    });","    stream.end();","  });","","  frameEmitter.on('frame', function(frame) {","    if (!authenticated && frame.command != 'CONNECT') {","      new StompFrame({","        command: 'ERROR',","        headers: {","          message: 'Not connected'","        },","        body: 'You must first issue a CONNECT command'","      }).send(stream);","      return;","    }","    if (frame.command != 'CONNECT' && 'receipt' in frame.headers) {","      new StompFrame({","        command: 'RECEIPT',","        headers: {","          'receipt-id': frame.headers.receipt","        }","      }).send(stream);","    }","    try {","      switch (frame.command) {","      case 'CONNECT':","        // TODO: Actual authentication","        authenticated = true;","        sessionId = queueManager.generateSessionId();","        new StompFrame({","          command: 'CONNECTED',","          headers: {","            session: sessionId","          }","        }).send(stream);","        break;","","      case 'SUBSCRIBE':","        queueManager.subscribe(frame.headers.destination, stream, sessionId, frame.headers.ack || \"auto\");","        subscriptions.push(frame.headers.destination);","        break;","","      case 'UNSUBSCRIBE':","        queueManager.unsubscribe(frame.headers.destination, sessionId);","        break;","","      case 'SEND':","        queueManager.publish(frame.headers.destination, frame.body);","        break;","","      case 'BEGIN':","        if (frame.headers.transaction in transactions) {","          throw new StompFrame({","            command: 'ERROR',","            headers: {","              message: 'Transaction already exists'","            },","            body: 'Transaction \"' + frame.headers.transaction + '\" already exists'","          });","        }","        transactions[frame.headers.transaction] = [];","        break;","","      case 'COMMIT':","        // TODO: Actually apply the transaction, this is just an abort","        delete transactions[frame.headers.transaction];","        break;","","      case 'ABORT':","        delete transactions[frame.headers.transaction];","        break;","","      case 'DISCONECT':","        subscriptions.map(function(queue) {","          queueManager.unsubscribe(queue, sessionId);","        });","        stream.end();","        break;","      }","    } catch (e) {","      e.send(stream);","    }","  });","","  frameEmitter.on('error', function(err) {","    var response = new StompFrame();","    response.setCommand('ERROR');","    response.setHeader('message', err['message']);","    if ('details' in err) {","      response.appendToBody(err['details']);","    }","    response.send(stream);","  });","}","","function StompServer(port) {","  this.port = port;","  var queueManager = new StompQueueManager();","  this.server = net.createServer(function(stream) {","    stream.on('connect', function() {","      console.log('Received Unsecured Connection');","      new StompStreamHandler(stream, queueManager);","    });","  });","}","","function SecureStompServer(port, credentials) {","  StompServer.call(this);","  var queueManager = new StompQueueManager();","  this.port = port;","  this.server = net.createServer(function(stream) {","    stream.on('connect', function() {","      console.log('Received Connection, securing');","      stream.setSecure(credentials);","    });","    stream.on('secure', function() {","      new StompStreamHandler(stream, queueManager);","    });","  });","}","","util.inherits(SecureStompServer, StompServer);","","StompServer.prototype.listen = function() {","  this.server.listen(this.port, 'localhost');","};","","StompServer.prototype.stop = function(port) {","  this.server.close();","};","","//new SecureStompServer(8124, credentials).listen();","exports.createStompServer = function(port) {","  return new StompServer(port);","};",""],"l":{"1":1,"2":1,"3":1,"4":1,"5":1,"6":1,"19":1,"21":1,"22":0,"23":0,"24":0,"27":1,"28":0,"31":1,"32":0,"33":0,"34":0,"37":1,"38":0,"41":1,"42":0,"45":1,"46":0,"47":0,"49":0,"52":1,"53":0,"54":0,"62":0,"70":0,"71":0,"75":1,"76":0,"77":0,"86":0,"87":0,"91":1,"92":0,"93":0,"94":0,"95":0,"96":0,"98":0,"99":0,"102":0,"103":0,"104":0,"106":0,"109":0,"110":0,"111":0,"118":0,"120":0,"121":0,"128":0,"129":0,"132":0,"133":0,"134":0,"140":0,"143":0,"144":0,"145":0,"148":0,"149":0,"152":0,"153":0,"156":0,"157":0,"165":0,"166":0,"170":0,"171":0,"174":0,"175":0,"178":0,"179":0,"181":0,"182":0,"185":0,"189":0,"190":0,"191":0,"192":0,"193":0,"194":0,"196":0,"200":1,"201":0,"202":0,"203":0,"204":0,"205":0,"206":0,"211":1,"212":0,"213":0,"214":0,"215":0,"216":0,"217":0,"218":0,"220":0,"221":0,"226":1,"228":1,"229":0,"232":1,"233":0,"237":1,"238":0}}}